2021-08-07 16:21:20,118 - INFO - main2.py - main2 - run - [thread2]:成功しました株式会社bloom | ＃残業月5h以下＃完全週休2日制＃面接1回＃1年後に月給5万UP
2021-08-07 16:21:21,465 - INFO - main2.py - main2 - run - [thread1]:成功しました株式会社セルア | 大阪府緊急雇用対策に賛同｜土日の完全週休2日で年間休日123日！
2021-08-07 16:21:21,649 - INFO - main2.py - main2 - run - [thread10]:成功しましたドクターキューブ株式会社 | 医院向けシステムのメーカー 定着率◎※手当充実！年休120日以上
2021-08-07 16:21:22,321 - INFO - main2.py - main2 - run - [thread4]:成功しました株式会社イマジカデジタルスケープ | 【東証一部・IMAGICA GROUP】★土日祝休み★業界屈指の福利厚生
2021-08-07 16:21:22,386 - INFO - main2.py - main2 - run - [thread9]:成功しました株式会社ジー・ソフト | 土日祝休み・残業平均月10時間以下・カジュアルWEB面談実施中！
2021-08-07 16:21:23,734 - INFO - main2.py - main2 - run - [thread5]:成功しました株式会社エクスペルト | ◎社長直伝で営業ノウハウを活かせる将来の幹部候補生大募集◎
2021-08-07 16:21:24,191 - INFO - main2.py - main2 - run - [thread12]:成功しました株式会社センクリード | 大手メーカーの一次受け企業。自社パッケージ商品も開発中です！
2021-08-07 16:21:24,291 - INFO - main2.py - main2 - run - [thread7]:成功しました株式会社日立システムズ
2021-08-07 16:21:24,793 - INFO - main2.py - main2 - run - [thread8]:成功しましたインタセクト・コミュニケーションズ株式会社 | 姫路支社｜今期最高売上を更新｜大手と取引｜完全週休2日(土日)
2021-08-07 16:21:24,903 - INFO - main2.py - main2 - run - [thread3]:成功しました株式会社フルマークス | ★新しい技術をビジネスにつなげる会社です！
2021-08-07 16:21:25,520 - INFO - main2.py - main2 - run - [thread2]:成功しました株式会社アイビス | ※大阪限定募集※ 人気アプリ「ibisPaint」を開発◎年休125日
2021-08-07 16:21:25,543 - INFO - main2.py - main2 - run - [thread10]:成功しました富士電波工業株式会社 | 2000度～3400度の高温炉を設計できる技術力は国内有数！
2021-08-07 16:21:25,728 - INFO - main2.py - main2 - run - [thread9]:成功しました株式会社ボルテックスセイグン | [健康経営優良法人ブライト500]・[働きやすい職場認証制度]認定
2021-08-07 16:21:25,804 - INFO - main2.py - main2 - run - [thread13]:成功しました第一熱原株式会社 | 【創業70年】総売上高263億円の『熱源グループ』の一員に！
2021-08-07 16:21:25,844 - INFO - main2.py - main2 - run - [thread1]:成功しました朝日機材株式会社 | 昨年賞与実績平均7か月以上／キャリアUPを実現する環境
2021-08-07 16:21:26,000 - INFO - main2.py - main2 - run - [thread4]:成功しました株式会社what's new | #完全週休2日制（土日休み）#フレックスタイム制 #賞与年2回
2021-08-07 16:21:26,237 - INFO - main2.py - main2 - run - [thread12]:成功しました株式会社扇港電機 | 電気設備資材を扱う専門商社！東海エリアではシェアトップクラス
2021-08-07 16:21:26,314 - INFO - main2.py - main2 - run - [thread5]:成功しました株式会社ウィズウェイ | 5月の残業平均1.4時間／有給消化率高水準／完全週休2日制(土日)
2021-08-07 16:21:26,358 - INFO - main2.py - main2 - run - [thread7]:成功しましたKYODOU株式会社 | 自社クラウド製品に加え新規開発にも挑戦可★フレックスタイム制
2021-08-07 16:21:26,492 - INFO - main2.py - main2 - run - [thread8]:成功しました株式会社オートテクニックジャパン | 働きやすさ抜群 ★年休121日／残業月25h程度／有給取得率100％★
2021-08-07 16:21:26,588 - INFO - main2.py - main2 - run - [thread3]:成功しました株式会社エージェントゲート | ★有給取得率100％★産休育休取得＆復帰率100％★定着率90％超★
2021-08-07 16:21:26,701 - INFO - main2.py - main2 - run - [thread9]:成功しました株式会社エフ・アイ・ティ | ◆残業ほぼなし◆賞与実績5ヶ月分◆新築3年目のキレイなオフィス
2021-08-07 16:21:26,759 - INFO - main2.py - main2 - run - [thread11]:成功しました株式会社ムゲンエステート | ムゲンエステート
2021-08-07 16:21:26,807 - INFO - main2.py - main2 - run - [thread2]:成功しましたダイハツ工業株式会社 | 自動車開発を通じ、関西から未来の社会を作り上げる！
2021-08-07 16:21:26,839 - INFO - main2.py - main2 - run - [thread10]:成功しました物産フードサイエンス株式会社 | 三井物産の100％子会社/国内シェアトップクラスの素材メーカー
2021-08-07 16:21:26,849 - INFO - main2.py - main2 - run - [thread1]:成功しましたＳｋｙ株式会社 | ＜社員定着率96％※2021年3月期＞
2021-08-07 16:21:26,920 - INFO - main2.py - main2 - run - [thread13]:成功しました株式会社ヤマシタ | 【創業58年！無借金黒字経営・8年連続売上増】★福利厚生充実
2021-08-07 16:21:27,084 - INFO - main2.py - main2 - run - [thread4]:成功しました株式会社ホットスタッフ | ［関東本部］★リフレッシュルーム＆フリードリンクあり
2021-08-07 16:21:27,275 - INFO - main2.py - main2 - run - [thread7]:成功しました山本武臣税理士事務所 | 年休120日以上 / 完全週休2日(土日祝) /医療系に特化し業績好調
2021-08-07 16:21:27,301 - INFO - main2.py - main2 - run - [thread12]:成功しました株式会社システムエンジニアリング | 【JASDAQ上場グループ】ホテルや大型施設の空間をプロデュース！
2021-08-07 16:21:27,472 - INFO - main2.py - main2 - run - [thread5]:成功しました株式会社アルスノヴァ | #大阪府緊急雇用対策に賛同 #年休127日/土日休み/残業月平均12ｈ
2021-08-07 16:21:27,561 - INFO - main2.py - main2 - run - [thread8]:成功しました株式会社ｔｔｔ | 今夏５・6施設目開設／全国PV数2位の施設／職員応募数が定員超え
2021-08-07 16:21:27,636 - INFO - main2.py - main2 - run - [thread3]:成功しましたパーソルワークスデザイン株式会社 | 東証一部上場「パーソルホールディングス」グループ
2021-08-07 16:21:27,676 - INFO - main2.py - main2 - run - [thread9]:成功しましたエンパワー株式会社 | ■30代の先輩活躍中！■年間休日127日／残業月20h以下
2021-08-07 16:21:27,796 - INFO - main2.py - main2 - run - [thread4]:成功しました株式会社ディスコ | 東証一部上場◆「働きがいのある会社ランキング」に13年連続選出
2021-08-07 16:21:27,878 - INFO - main2.py - main2 - run - [thread2]:成功しましたINTLOOP株式会社 | 日本を代表する企業と取引／年休120日～／年収500万以上スタート
2021-08-07 16:21:27,879 - INFO - main2.py - main2 - run - [thread11]:成功しました株式会社 シーエスアイ | ＜安定感◎＞東証一部上場企業のCEホールディングス100％子会社
2021-08-07 16:21:27,983 - INFO - main2.py - main2 - run - [thread1]:成功しました株式会社アイエスエフネット | ★在宅勤務OK★完全週休2日★平均残業7.8h★インセンMAX60％
2021-08-07 16:21:28,117 - INFO - main2.py - main2 - run - [thread10]:成功しました株式会社愛宕 | 大手ベンダーから信頼されるプロエンジニア集団！
2021-08-07 16:21:28,128 - INFO - main2.py - main2 - run - [thread13]:成功しましたセントラル短資株式会社 | 創業以来110年以上の伝統を誇る日本に数社しかない国内短資会社
2021-08-07 16:21:28,371 - INFO - main2.py - main2 - run - [thread7]:成功しました株式会社日立製作所 | ＜東証一部上場企業＞
2021-08-07 16:21:28,475 - INFO - main2.py - main2 - run - [thread8]:成功しましたイシダ産機株式会社 | 【イシダグループ】▼創業以来赤字決算なし！web面接実施中！
2021-08-07 16:21:28,508 - INFO - main2.py - main2 - run - [thread12]:成功しました株式会社アクロホールディングス | 豊富な案件の中から、あなたの経験や希望に合わせてアサイン！
2021-08-07 16:21:28,653 - INFO - main2.py - main2 - run - [thread5]:成功しました株式会社CADネットワークサービス
2021-08-07 16:21:28,796 - INFO - main2.py - main2 - run - [thread3]:成功しました株式会社エージェントゲート | 定着率94%★Web面談実施中★年収120万UPでスタートの経験者も！
2021-08-07 16:21:28,893 - INFO - main2.py - main2 - run - [thread1]:成功しましたジャパニアス株式会社 | 大手と取引実績多数◇全国募集◇社員数1200名◇テレワーク7割
2021-08-07 16:21:28,969 - INFO - main2.py - main2 - run - [thread9]:成功しました株式会社晋遊舎 | （しんゆうしゃ）◆役に立つコンテンツを提供し続ける出版社です
2021-08-07 16:21:29,027 - INFO - main2.py - main2 - run - [thread10]:成功しました株式会社ネットサポート | ★17期連続で増収増益！ ★年間休日120日以上 ★Web面接可
2021-08-07 16:21:29,088 - INFO - main2.py - main2 - run - [thread2]:成功しました株式会社ヒューマンウェア研究所 | ◆完全週休2日(土日休)◆年休120日以上◆面接1回◆副業OK！
2021-08-07 16:21:29,126 - INFO - main2.py - main2 - run - [thread4]:成功しました株式会社ケーアイエス | ☆医療×IT分野のリード企業／国家事業にも参画／年間休日120日
2021-08-07 16:21:29,156 - INFO - main2.py - main2 - run - [thread11]:成功しました株式会社神戸マツダ | 創業80年／兵庫県下27店舗／従業員800人以上
2021-08-07 16:21:29,163 - INFO - main2.py - main2 - run - [thread7]:成功しました株式会社日立システムズ | <人とITの力で、驚きと感動のサービスを>
2021-08-07 16:21:29,281 - INFO - main2.py - main2 - run - [thread13]:成功しましたAGCアメニテック株式会社 | AGC株式会社(東証一部上場)のグループ会社 ☆建築環境工学専門
2021-08-07 16:21:29,332 - INFO - main2.py - main2 - run - [thread5]:成功しました株式会社トータルシステムエンジニアリング | #残業少なめ#転勤なし#新事業にも関われるチャンス！
2021-08-07 16:21:29,414 - INFO - main2.py - main2 - run - [thread8]:成功しました福留ハム株式会社 | ◆創業102年！西日本大手の食品メーカー ◆週休2日制
2021-08-07 16:21:29,625 - INFO - main2.py - main2 - run - [thread12]:成功しました株式会社タクマ | 【東証一部上場】環境保全・エネルギープラントのパイオニア企業
2021-08-07 16:21:29,899 - INFO - main2.py - main2 - run - [thread7]:成功しました日産車体コンピュータサービス株式会社 | ◇グループ唯一のIT企業/全国からの応募歓迎！家賃補助制度あり
2021-08-07 16:21:29,951 - INFO - main2.py - main2 - run - [thread1]:成功しましたジャパニアス株式会社 | 【全国に11拠点を展開】◆転勤なし◆年間休日125日◆残業月20H
2021-08-07 16:21:29,975 - INFO - main2.py - main2 - run - [thread3]:成功しましたプレミアムウォーター株式会社 | プレミアムウォーターホールディングス（東証二部上場）グループ
2021-08-07 16:21:30,032 - INFO - main2.py - main2 - run - [thread10]:成功しました株式会社TOKO | 「オンリーワンのNo.1企業」を目指し100年企業に向け成長中！
2021-08-07 16:21:30,155 - INFO - main2.py - main2 - run - [thread9]:成功しました株式会社シンギ | 食品パッケージの専門商社が共に歩む仲間を募っています！
2021-08-07 16:21:30,165 - INFO - main2.py - main2 - run - [thread4]:成功しました株式会社ディスコ | 東証一部上場◆「働きがいのある会社ランキング」に13年連続選出
2021-08-07 16:21:30,225 - INFO - main2.py - main2 - run - [thread11]:成功しました株式会社ムゲンエステート | ムゲンエステート
2021-08-07 16:21:30,453 - INFO - main2.py - main2 - run - [thread13]:成功しました株式会社ヴィンクス | 流通小売業界に特化した超ユーザー系SI企業★昨年実績4.2ヶ月分
2021-08-07 16:21:30,490 - INFO - main2.py - main2 - run - [thread5]:成功しました株式会社SCRIPT | ◆年間休日122日 ◆土日祝休み ★大手クライアントとの取引多数
2021-08-07 16:21:30,630 - INFO - main2.py - main2 - run - [thread8]:成功しました株式会社Vコレクタリア | ★未経験スタート90％★残業月10h以下★20代中心★年休125日以上
2021-08-07 16:21:30,816 - INFO - main2.py - main2 - run - [thread12]:成功しました株式会社アイテック | 【PKSHA Technologyグループ】トップクラスの駐車場機器メーカー
2021-08-07 16:21:30,992 - INFO - main2.py - main2 - run - [thread7]:成功しました大友ロジスティクスサービス株式会社 | 大手企業とも多数取引 ★完全週休2日(土日休)★40代活躍中！
2021-08-07 16:21:31,108 - INFO - main2.py - main2 - run - [thread1]:成功しましたアデコ株式会社 | Modis事業本部【帰社日＆日報なし★リモートワークも実施中！】
2021-08-07 16:21:31,138 - INFO - main2.py - main2 - run - [thread9]:成功しました株式会社エム・エー・ティー | 2021年1月に《Google Cloud パートナー企業》になりました！
2021-08-07 16:21:31,204 - INFO - main2.py - main2 - run - [thread3]:成功しました株式会社ジェイテック | 【毎年、増収増益で黒字経営】★残業月平均11h ★完全週休2日制
2021-08-07 16:21:31,241 - INFO - main2.py - main2 - run - [thread10]:成功しました秋本食品株式会社 | 漬物グランプリ受賞商品を数多く開発／創業88年の老舗企業
2021-08-07 16:21:31,305 - INFO - main2.py - main2 - run - [thread13]:成功しました株式会社ソフィア | 【ユースエール認定企業】年休124日以上/残業月平均8時間程度
2021-08-07 16:21:31,363 - INFO - main2.py - main2 - run - [thread4]:成功しました株式会社アイエンター | 創業から18年、時代の波にのって成長を続けるITベンチャー
2021-08-07 16:21:31,445 - INFO - main2.py - main2 - run - [thread11]:成功しました株式会社Dralogi | 日興運送のグループ企業！物流をITスキルで支える
2021-08-07 16:21:31,682 - INFO - main2.py - main2 - run - [thread12]:成功しましたテクバン株式会社 | 【創業以来黒字経営／産育休・復帰実績多数♪／賞与年2回】
2021-08-07 16:21:31,697 - INFO - main2.py - main2 - run - [thread8]:成功しました日本電気計器検定所 | ◆計量法に基づく第三者機関 ◆高定着率！平均勤続年数27.4年
2021-08-07 16:21:31,790 - INFO - main2.py - main2 - run - [thread7]:成功しました株式会社日立システムズ
2021-08-07 16:21:31,867 - INFO - main2.py - main2 - run - [thread9]:成功しました国立研究開発法人情報通信研究機構 | 【NICT】サイバーセキュリティネクサス　◆20～30代活躍中
2021-08-07 16:21:32,015 - INFO - main2.py - main2 - run - [thread1]:成功しましたセキュアエッジ株式会社 | 《Palo Alto Networks社 公式パートナー》在宅勤務制度有★
2021-08-07 16:21:32,034 - INFO - main2.py - main2 - run - [thread10]:成功しました株式会社プロリード | バラエティ豊かな案件あり！仲間との連携も感じられる温かい職場
2021-08-07 16:21:32,116 - INFO - main2.py - main2 - run - [thread3]:成功しました株式会社カーネルジャパン | ★土日祝休み★年休125日以上★残業月20h以下★20代活躍中
2021-08-07 16:21:32,140 - INFO - main2.py - main2 - run - [thread11]:成功しました株式会社サンゲツ | ◎東証・名証一部上場　◎インテリア専門商社　◎福利厚生充実
2021-08-07 16:21:32,242 - INFO - main2.py - main2 - run - [thread4]:成功しましたソニーセミコンダクタマニュファクチャリング株式会社 | 【ソニーグループの半導体事業】年間休日121日/土日休み
2021-08-07 16:21:32,290 - INFO - main2.py - main2 - run - [thread13]:成功しましたファーストウッド株式会社 | 【面接1回/研修充実】東証1部上場「飯田グループHD」100%子会社
2021-08-07 16:21:32,537 - INFO - main2.py - main2 - run - [thread12]:成功しました株式会社アイ・アールジャパン | 【東証一部上場】完全独立系の唯一無二のコンサルティング会社
2021-08-07 16:21:32,576 - INFO - main2.py - main2 - run - [thread8]:成功しました学校法人国際理工学園 | 【国際理工情報デザイン専門学校】残業少なめ・土日祝休み
2021-08-07 16:21:32,706 - INFO - main2.py - main2 - run - [thread10]:成功しました冨士高圧フレキシブルホース株式会社
2021-08-07 16:21:32,714 - INFO - main2.py - main2 - run - [thread7]:成功しましたアルテンジャパン株式会社 | 世界2位のエンジニアリングサービス!【ALTEN GROUP】の日本法人
2021-08-07 16:21:32,865 - INFO - main2.py - main2 - run - [thread13]:成功しました日鉄日立システムエンジニアリング株式会社 | 新日本製鐵(現新日鐵住金)×日立製作所のジョイントベンチャー
2021-08-07 16:21:32,875 - INFO - main2.py - main2 - run - [thread9]:成功しました株式会社チャーム | アスクル(株)の100%出資子会社／ペット用品の通販でトップクラス
2021-08-07 16:21:32,966 - INFO - main2.py - main2 - run - [thread1]:成功しました株式会社KDDIエボルバ | 東証1部上場企業グループ◆テレワーク可！賞与年2回／年休123日
2021-08-07 16:21:32,967 - INFO - main2.py - main2 - run - [thread4]:成功しました株式会社京進 | 東証二部上場
2021-08-07 16:21:32,996 - INFO - main2.py - main2 - run - [thread11]:成功しました株式会社ブルーオーシャンシステム | 「気づく」「学ぶ」「つなぐ」を支援する！
2021-08-07 16:21:33,077 - INFO - main2.py - main2 - run - [thread3]:成功しました株式会社早稲田アカデミー | 《東証一部上場》圧倒的な合格実績！154校の進学・学習塾を運営
2021-08-07 16:21:33,428 - INFO - main2.py - main2 - run - [thread8]:成功しました株式会社アクウェア | 年間休日127日／残業月20h程度／テレワーク・時差出勤も実施中！
2021-08-07 16:21:33,529 - INFO - main2.py - main2 - run - [thread7]:成功しました株式会社日立システムズ | <人とITの力で、驚きと感動のサービスを>
2021-08-07 16:21:33,564 - INFO - main2.py - main2 - run - [thread12]:成功しました日本自動化開発株式会社 | 【安定性抜群】幅広い取引先企業多数★上流工程から携われます！
2021-08-07 16:21:33,649 - INFO - main2.py - main2 - run - [thread10]:成功しました株式会社ナッツ | 日本最大級のキャンピングカーの製造メーカー
2021-08-07 16:21:33,654 - INFO - main2.py - main2 - run - [thread13]:成功しましたユニオンツール株式会社 | 東証一部上場企業！国内・世界のPCBドリル製品で圧倒的シェア！
2021-08-07 16:21:33,720 - INFO - main2.py - main2 - run - [thread9]:成功しました株式会社リボルブ沖縄 | ★Web面接実施中★ 沖縄にいながら大規模案件に携わるチャンス！
2021-08-07 16:21:33,733 - INFO - main2.py - main2 - run - [thread4]:成功しました株式会社ディスコ | 東証一部上場◆「働きがいのある会社ランキング」に13年連続選出
2021-08-07 16:21:33,759 - INFO - main2.py - main2 - run - [thread1]:成功しましたアコム株式会社 | ─◆三菱UFJフィナンシャル・グループ／東証一部上場企業◆─
2021-08-07 16:21:33,791 - INFO - main2.py - main2 - run - [thread11]:成功しましたキーコーヒー株式会社 | 【東証一部上場】フレックス制あり／完全週休2日／年休120日～
2021-08-07 16:21:34,014 - INFO - main2.py - main2 - run - [thread3]:成功しました株式会社ピーエスアンドエス | ★20代活躍中/Web面接OK/残業少なめ/案件選択OK/単価8割還元
2021-08-07 16:21:34,280 - INFO - main2.py - main2 - run - [thread12]:成功しました大口電子株式会社 | 住友金属鉱山(株)の100％子会社
2021-08-07 16:21:34,368 - INFO - main2.py - main2 - run - [thread7]:成功しました株式会社弘和電材社 | 業界トップクラス！キヤノングループなど、大手企業と取引多数！
2021-08-07 16:21:34,436 - INFO - main2.py - main2 - run - [thread8]:成功しました上海中和軟件有限公司 | (上海中和株式会社)◆大手直取引◆日中合弁企業として1991年設立
2021-08-07 16:21:34,549 - INFO - main2.py - main2 - run - [thread13]:成功しましたチエル株式会社 | JASDAQ上場|学校教育市場に特化したICTの専業メーカー|年休123日
2021-08-07 16:21:34,554 - INFO - main2.py - main2 - run - [thread10]:成功しましたセザックス株式会社 | 「コンテンツ × メディア」で75年の信頼と実績
2021-08-07 16:21:34,622 - INFO - main2.py - main2 - run - [thread9]:成功しました国立研究開発法人情報通信研究機構 | 【NICT】サイバーセキュリティ研究所　◆20～30代活躍中
2021-08-07 16:21:34,666 - INFO - main2.py - main2 - run - [thread4]:成功しましたヤフー株式会社 | 日本最大級のユーザー数を誇る「Yahoo! JAPAN」
2021-08-07 16:21:34,670 - INFO - main2.py - main2 - run - [thread11]:成功しました株式会社カスタム | システム商材事業の展開を目指す有力測定器メーカー★土日祝休み
2021-08-07 16:21:34,678 - INFO - main2.py - main2 - run - [thread1]:成功しました株式会社ケアリッツ・アンド・パートナーズ | <ITと介護事業を手がける成長企業>毎年140%以上の増収★残業少
2021-08-07 16:21:34,872 - INFO - main2.py - main2 - run - [thread3]:成功しました株式会社ヴィアックス | <創業49年・エンジニアファーストで案件を選べる！>★定着率抜群
2021-08-07 16:21:35,038 - INFO - main2.py - main2 - run - [thread12]:成功しました株式会社湯山製作所 | 【創業57年】医療用機器メーカーのリーディングカンパニー
2021-08-07 16:21:35,152 - INFO - main2.py - main2 - run - [thread7]:成功しましたアラクサラネットワークス株式会社
2021-08-07 16:21:35,280 - INFO - main2.py - main2 - run - [thread8]:成功しましたマルヤス工業株式会社 | 国内の全自動車メーカーと取引するTier1企業★完全土日休み
2021-08-07 16:21:35,378 - INFO - main2.py - main2 - run - [thread11]:成功しました三建産業株式会社 | 創業71年！世界30カ国以上に取引先を持つ老舗プラントメーカー
2021-08-07 16:21:35,442 - INFO - main2.py - main2 - run - [thread1]:成功しました株式会社アクトプロブレインズ | 過去全員が前職給与UP*リモート＆フレックス推奨*残業月平均10h
2021-08-07 16:21:35,456 - INFO - main2.py - main2 - run - [thread9]:成功しましたタグジャパン株式会社 | 土日の完全週休2日制／残業月20h以下／年間休日125日
2021-08-07 16:21:35,461 - INFO - main2.py - main2 - run - [thread13]:成功しました日本環境設計株式会社 | 社員数が着実に増加！リサイクル事業で世界展開する成長企業★
2021-08-07 16:21:35,483 - INFO - main2.py - main2 - run - [thread10]:成功しました株式会社リブドゥコーポレーション | 設立56年！業界トップクラスのシェアを誇るメーカー企業
2021-08-07 16:21:35,513 - INFO - main2.py - main2 - run - [thread2]:成功しました株式会社大成社 | 年収平均80万UP／Java 3年経験者：月給例48.75万／年収例585万
2021-08-07 16:21:35,737 - INFO - main2.py - main2 - run - [thread3]:成功しました株式会社リンカッド | 月給42万以上＋前給保証★全国各地で採用★テレワーク100％
2021-08-07 16:21:35,743 - INFO - main2.py - main2 - run - [thread4]:成功しました株式会社NTTデータ関西 | 【関西トップクラスのSIer】※年間休日122日 ※残業平均月21.3h
2021-08-07 16:21:36,090 - INFO - main2.py - main2 - run - [thread7]:成功しましたアラクサラネットワークス株式会社
2021-08-07 16:21:36,144 - INFO - main2.py - main2 - run - [thread12]:成功しましたテクバン株式会社 | 【創業以来黒字経営／産育休・復帰実績多数♪／賞与年2回】
2021-08-07 16:21:36,469 - INFO - main2.py - main2 - run - [thread9]:成功しました株式会社金沢シール | 「健康経営優良法人2021ブライト500」認定！
2021-08-07 16:21:36,472 - INFO - main2.py - main2 - run - [thread8]:成功しました株式会社CREA HOME | 設立より3期連続で増収増益｜100％反響型⇒成果を出しやすい↑↑
2021-08-07 16:21:36,566 - INFO - main2.py - main2 - run - [thread11]:成功しました株式会社グロービス | ●残業月20H程度●福利厚生充実●リモート勤務制度もあり
2021-08-07 16:21:36,648 - INFO - main2.py - main2 - run - [thread1]:成功しました株式会社スタッフサービス | エンジニアリング事業本部
2021-08-07 16:21:36,658 - INFO - main2.py - main2 - run - [thread2]:成功しました株式会社アットファイブ | 【事業拡大成長企業/残業10h以内/月給30万円以上/在宅勤務も】
2021-08-07 16:21:36,666 - INFO - main2.py - main2 - run - [thread10]:成功しました株式会社ｅｃｏｍｍｉｔ | 独自の流通網で海外20か国以上と取引をする環境ベンチャー企業！
2021-08-07 16:21:36,693 - INFO - main2.py - main2 - run - [thread13]:成功しました株式会社日東システムテクノロジーズ | 教育系システムに強み／定着率95%以上／残業月平均10h以下
2021-08-07 16:21:36,814 - INFO - main2.py - main2 - run - [thread3]:成功しました株式会社Vコレクタリア | ★土日祝休★年休125日～★残業月10h以下★20代中心★資格手当◎
2021-08-07 16:21:36,854 - INFO - main2.py - main2 - run - [thread4]:成功しました株式会社エクストリーム | ゲーム会社などエンターテイメント系企業多数！
2021-08-07 16:21:36,991 - INFO - main2.py - main2 - run - [thread5]:成功しました株式会社北見コンピューター・ビジネス | 【大手企業案件多数！】★年休120日以上／残業平均10h以下
2021-08-07 16:21:37,122 - INFO - main2.py - main2 - run - [thread7]:成功しました株式会社日立ソリューションズ | 「創業110年の日立グループ」世の中を便利に、楽しくする会社
2021-08-07 16:21:37,264 - INFO - main2.py - main2 - run - [thread12]:成功しましたリビエラ株式会社 | 静岡県の老舗安定企業！大手ハウスメーカーと取引があり！
2021-08-07 16:21:37,446 - INFO - main2.py - main2 - run - [thread9]:成功しましたプラスカーゴサービス株式会社 | 効率的な物流を実現する！プラス ロジスティクスグループ企業
2021-08-07 16:21:37,562 - INFO - main2.py - main2 - run - [thread1]:成功しました株式会社ドン・キホーテ | 東証一部上場PPIHグループ/大阪府緊急雇用対策に賛同/残業少なめ
2021-08-07 16:21:37,619 - INFO - main2.py - main2 - run - [thread8]:成功しました東京システムズ株式会社 | 土日休みで年間休日120日以上／転勤なく腰を据えて働けます！
2021-08-07 16:21:37,620 - INFO - main2.py - main2 - run - [thread10]:成功しました東亜システム株式会社 | 医事会計や電子カルテなど、医療システムを手がける会社！
2021-08-07 16:21:37,639 - INFO - main2.py - main2 - run - [thread13]:成功しました生和コーポレーション株式会社 | 【大阪府緊急雇用対策に賛同】松岡修造さん起用のCMも放送中
2021-08-07 16:21:37,751 - INFO - main2.py - main2 - run - [thread11]:成功しました三輪精機株式会社 | 経産省認定＜地域未来牽引企業＞／社食、送迎、手当など制度充実
2021-08-07 16:21:37,756 - INFO - main2.py - main2 - run - [thread3]:成功しました光ビジネスフォーム株式会社 | ジャスダック上場*フレックス制*大手や官公庁と直取引*年休126日
2021-08-07 16:21:37,804 - INFO - main2.py - main2 - run - [thread2]:成功しました株式会社ユニネットワーク | 【☆特許】自社パッケージ有／賞与4ヶ月実績／土日祝休／残業少
2021-08-07 16:21:38,003 - INFO - main2.py - main2 - run - [thread5]:成功しましたランスタッド株式会社 | 完全週休2日制/年間休日121日以上/残業月10時間/平均年齢27.3歳
2021-08-07 16:21:38,044 - INFO - main2.py - main2 - run - [thread4]:成功しました株式会社ベイカレント・コンサルティング | 東証一部上場
2021-08-07 16:21:38,203 - INFO - main2.py - main2 - run - [thread7]:成功しました日立チャネルソリューションズ株式会社 | インド・中国・ASEAN等への海外展開を加速中！
2021-08-07 16:21:38,234 - INFO - main2.py - main2 - run - [thread9]:成功しました株式会社ゴーフィールド | ★完全週休2日制 ★転勤なし
2021-08-07 16:21:38,312 - INFO - main2.py - main2 - run - [thread12]:成功しましたテクバン株式会社 | 【創業以来黒字経営／産育休・復帰実績多数♪／賞与年2回】
2021-08-07 16:21:38,620 - INFO - main2.py - main2 - run - [thread1]:成功しましたエクシードGT株式会社 | 【新規オークションの運営】即日・翌日など早期面接も可能
2021-08-07 16:21:38,641 - INFO - main2.py - main2 - run - [thread10]:成功しました株式会社アール・シー・エス | 《西日本放送グループ》#100％自社開発 #土日祝休み #転勤なし
2021-08-07 16:21:38,725 - INFO - main2.py - main2 - run - [thread11]:成功しました株式会社URシステムズ | 【UR都市機構グループ】年休123日／土日祝休み／産育休実績あり
2021-08-07 16:21:38,745 - INFO - main2.py - main2 - run - [thread3]:成功しましたアイコムシステック株式会社 | 東証1部企業グループ★残業月15h以下★年末年始に最大16連休OK
2021-08-07 16:21:38,749 - INFO - main2.py - main2 - run - [thread13]:成功しました株式会社コスモ・ウェブ | IT技術のひとつ先へ、人にやさしいシステムを
2021-08-07 16:21:38,770 - INFO - main2.py - main2 - run - [thread8]:成功しました近畿環境保全株式会社 | SlackやGoogle Workspaceなどのツールも活用◎WEB面接もOK
2021-08-07 16:21:38,786 - INFO - main2.py - main2 - run - [thread2]:成功しました株式会社インテック | ◆ノルマなし＆インセン◎/土日祝休み＆年休125日でオンオフ充実
2021-08-07 16:21:38,790 - INFO - main2.py - main2 - run - [thread4]:成功しましたPwCビジネスアシュアランス合同会社
2021-08-07 16:21:39,144 - INFO - main2.py - main2 - run - [thread7]:成功しました株式会社ヤマハコーポレートサービス | 【正社員募集】転勤なし｜年間休日124日｜賞与(計5.3カ月分支給)
2021-08-07 16:21:39,177 - INFO - main2.py - main2 - run - [thread5]:成功しました公益財団法人神奈川県予防医学協会 | 【60年以上の歴史／神奈川県の総合健康支援機関】★正社員登用有
2021-08-07 16:21:39,402 - INFO - main2.py - main2 - run - [thread9]:成功しました株式会社ストライドウェブ | 【クライアントと直取引】★完全週休2日★土日休み★残業10h程度
2021-08-07 16:21:39,494 - INFO - main2.py - main2 - run - [thread12]:成功しましたNRIデータiテック株式会社 | 【東証一部上場・野村総合研究所グループ】★年休120日以上★
2021-08-07 16:21:39,725 - INFO - main2.py - main2 - run - [thread11]:成功しましたマリモ電子工業株式会社
2021-08-07 16:21:39,765 - INFO - main2.py - main2 - run - [thread3]:成功しました株式会社NEXCOシステムズ | NEXCOグループ唯一のIT企業◆年休120日以上/完週休2日(土日休み)
2021-08-07 16:21:39,771 - INFO - main2.py - main2 - run - [thread10]:成功しましたエヌアイシィ株式会社 | ＜入社後3ヶ月の研修有＞資格取得支援／住宅手当／年間休日124日
2021-08-07 16:21:39,783 - INFO - main2.py - main2 - run - [thread8]:成功しました財務省関税局 | 各税関勤務|9/12@札幌,9/23@長崎,9/25@東京で転職フェア参画予定
2021-08-07 16:21:39,789 - INFO - main2.py - main2 - run - [thread13]:成功しました株式会社フェリシモ | 【東証一部上場企業】独創性のある商品・事業形態をもつ通販企業
2021-08-07 16:21:39,845 - INFO - main2.py - main2 - run - [thread1]:成功しました株式会社メイテックフィルダーズ | 東証一部上場グループ／土日祝休み・残業代1分単位支給
2021-08-07 16:21:39,848 - INFO - main2.py - main2 - run - [thread4]:成功しました住友重機械工業株式会社 | ＜東証1部上場＞
2021-08-07 16:21:40,030 - INFO - main2.py - main2 - run - [thread2]:成功しました株式会社ジョブサポート | ★2500名のSE育成実績あり／完全週休2日制(土日)・残業少なめ★
2021-08-07 16:21:40,181 - INFO - main2.py - main2 - run - [thread7]:成功しました株式会社アーシャルデザイン | チーム・スクール運営を行うなどスポーツ関連事業も展開中！
2021-08-07 16:21:40,188 - INFO - main2.py - main2 - run - [thread5]:成功しました株式会社八木ビジネスコンサルタント | ★創立37年目★東証一部グループ ★“カジュアル面談”を開催中
2021-08-07 16:21:40,387 - INFO - main2.py - main2 - run - [thread9]:成功しましたタグジャパン株式会社 | 未経験歓迎＊女性活躍中＊年間休日125日＊賞与年2回
2021-08-07 16:21:40,445 - INFO - main2.py - main2 - run - [thread12]:成功しました株式会社STUDIO ARC | 今期、過去最大の売上見込み！「記念日」をプロデュースする企業
2021-08-07 16:21:40,783 - INFO - main2.py - main2 - run - [thread4]:成功しました株式会社日立社会情報サービス | 日立グループSI事業の中核企業・年間休日125日・離職率2％
2021-08-07 16:21:40,795 - INFO - main2.py - main2 - run - [thread10]:成功しました株式会社神奈中情報システム | 【東証一部/ 神奈中グループ】抜群の安定感 ◆湘南エリアで働く
2021-08-07 16:21:40,856 - INFO - main2.py - main2 - run - [thread2]:成功しました株式会社第一コンピュータリソース | 【設立52年・大手企業とも取引】転勤なし！好きな地域でスタート
2021-08-07 16:21:40,870 - INFO - main2.py - main2 - run - [thread1]:成功しましたIFS株式会社 | ★リモートワークも実施中★抗体検査可能★1日6時間勤務を目指す
2021-08-07 16:21:40,890 - INFO - main2.py - main2 - run - [thread3]:成功しました株式会社NEXCOシステムズ | NEXCOグループ唯一のIT企業◆年休120日以上/完週休2日(土日休み)
2021-08-07 16:21:40,976 - INFO - main2.py - main2 - run - [thread11]:成功しました株式会社スナーク | 本社勤務／1次受けのみ／残業時間平均20時間以内／年間休日127日
2021-08-07 16:21:41,002 - INFO - main2.py - main2 - run - [thread8]:成功しました医療法人社団輝生会 | 残業月10h程度/年休120日超等、プライベートも大切にできる！
2021-08-07 16:21:41,020 - INFO - main2.py - main2 - run - [thread13]:成功しました株式会社ネクシモ | 【ITシステムを通じて地域の暮らしを支援】転勤ナシ／残業少なめ
2021-08-07 16:21:41,078 - INFO - main2.py - main2 - run - [thread7]:成功しましたアラクサラネットワークス株式会社
2021-08-07 16:21:41,214 - INFO - main2.py - main2 - run - [thread5]:成功しました株式会社東北電子計算センター | 東証一部上場グループの仕事を担当/残業月20h程度/資格祝い金有
2021-08-07 16:21:41,327 - INFO - main2.py - main2 - run - [thread12]:成功しました株式会社パブリックリレーションズ | 「AI」「IoT」「IT×農業」⇒キーワードにピンときたらぜひ！
2021-08-07 16:21:41,408 - INFO - main2.py - main2 - run - [thread9]:成功しました株式会社ウェブフロンティア | 【横浜ランドマークタワー31階☆リモートワークも積極導入中！】
2021-08-07 16:21:41,795 - INFO - main2.py - main2 - run - [thread4]:成功しましたアットホーム株式会社 | ◆創業50年以上の安定企業◆業界のリーディングカンパニー
2021-08-07 16:21:41,809 - INFO - main2.py - main2 - run - [thread10]:成功しましたユニバース情報システム株式会社 | 完全週休2日制／残業月平均20H以下／産休・育休制度あり
2021-08-07 16:21:41,856 - INFO - main2.py - main2 - run - [thread2]:成功しましたアイニックス株式会社 | 顔・指紋認証など自動認識技術を牽引/在宅有/残業月平均20h
2021-08-07 16:21:41,907 - INFO - main2.py - main2 - run - [thread1]:成功しました日鉄ソリューションズ株式会社 | 【東証一部上場/ユーザー系SIer】◎リモートワーク実施
2021-08-07 16:21:41,921 - INFO - main2.py - main2 - run - [thread7]:成功しましたアラクサラネットワークス株式会社
2021-08-07 16:21:41,930 - INFO - main2.py - main2 - run - [thread3]:成功しました株式会社NEXCOシステムズ | NEXCOグループ唯一のIT企業◆年休120日以上/完週休2日(土日休み)
2021-08-07 16:21:41,988 - INFO - main2.py - main2 - run - [thread11]:成功しましたドクターキューブ株式会社 | 医院向けシステムのメーカー 定着率◎※手当充実！年休120日以上
2021-08-07 16:21:42,054 - INFO - main2.py - main2 - run - [thread8]:成功しました株式会社エクシードキャリア | ＜履歴書不要で応募OK★WEB面接可★条件に合う方面接確約＞
2021-08-07 16:21:42,078 - INFO - main2.py - main2 - run - [thread13]:成功しましたシステム・エンジニアリング・ハウス株式会社 | 官公庁はじめ、大手取引先多数！安定成長中のシステム会社
2021-08-07 16:21:42,208 - INFO - main2.py - main2 - run - [thread5]:成功しました株式会社データワンテクノロジー | 【業績好調】★現在待機ゼロの安定性★残業月平均10～20ｈ
2021-08-07 16:21:42,394 - INFO - main2.py - main2 - run - [thread9]:成功しましたアサミ情報システム株式会社 | 大手企業・官公庁との直取引実績多数★大阪府緊急雇用対策に賛同
2021-08-07 16:21:42,397 - INFO - main2.py - main2 - run - [thread12]:成功しました東京都競馬株式会社 | 東証一部上場／大井競馬場の賃貸や東京サマーランドの運営など
2021-08-07 16:21:42,663 - INFO - main2.py - main2 - run - [thread4]:成功しました株式会社京進 | 東証二部上場
2021-08-07 16:21:42,743 - INFO - main2.py - main2 - run - [thread7]:成功しましたアラクサラネットワークス株式会社
2021-08-07 16:21:42,765 - INFO - main2.py - main2 - run - [thread2]:成功しました株式会社アビリティ | 【2005年設立】☆開発案件に強み☆稼働率100％☆年間休日125日
2021-08-07 16:21:42,864 - INFO - main2.py - main2 - run - [thread11]:成功しましたトランコムITS株式会社 | 独立系システム開発×東証一部上場グループ＝選択肢、多数！
2021-08-07 16:21:42,969 - INFO - main2.py - main2 - run - [thread10]:成功しました株式会社カーブスジャパン | 国内2000店舗以上を展開/完全週休2日(土日祝休み)/年間休日120日
2021-08-07 16:21:43,010 - INFO - main2.py - main2 - run - [thread1]:成功しましたフルウィル株式会社 | 【大阪府緊急雇用対策に賛同】年休130日 /年収180万円UP実績あり
2021-08-07 16:21:43,070 - INFO - main2.py - main2 - run - [thread3]:成功しました株式会社システナ | ★東証一部上場 ★自社内開発5割以上・札幌/福岡は自社内100%
2021-08-07 16:21:43,075 - INFO - main2.py - main2 - run - [thread8]:成功しました株式会社 ジーエスイー | 残業月平均20h。福岡で大きなプロジェクトを手掛ける！
2021-08-07 16:21:43,137 - INFO - main2.py - main2 - run - [thread13]:成功しました株式会社アクロクレイン | 年間休日126日★IT事業を中心に展開するアクログループ会社
2021-08-07 16:21:43,203 - INFO - main2.py - main2 - run - [thread5]:成功しました株式会社ジェイエスキューブ | 【上場企業グループ】◆賞与4.44カ月◆残業月20h以下
2021-08-07 16:21:43,258 - INFO - main2.py - main2 - run - [thread9]:成功しました株式会社ピー・ビーシステムズ | ソリューション事業で成長を続ける上場企業！大手と多数取引有
2021-08-07 16:21:43,473 - INFO - main2.py - main2 - run - [thread12]:成功しました株式会社タカラレーベン | ◆完全週休2日制／年間休日120日／各種手当充実／賞与年2回
2021-08-07 16:21:43,552 - INFO - main2.py - main2 - run - [thread4]:成功しました有限責任監査法人トーマツ
2021-08-07 16:21:43,677 - INFO - main2.py - main2 - run - [thread7]:成功しました株式会社日立ソリューションズ | ともにつくる未来を、つよく。
2021-08-07 16:21:43,728 - INFO - main2.py - main2 - run - [thread2]:成功しました株式会社アイエスエフネット | 毎年69％が昇給★インセンティブ還元率MAX60％★完全週休2日制
2021-08-07 16:21:43,938 - INFO - main2.py - main2 - run - [thread11]:成功しましたアジア航測株式会社 | 【東証二部上場企業】技術で業界を牽引する航空測量大手
2021-08-07 16:21:43,949 - INFO - main2.py - main2 - run - [thread8]:成功しました株式会社アドバンスド・デジタル・テクノロジー | ★年休125日★残業月平均20時間★完全週休2日制★取引案件多数
2021-08-07 16:21:44,062 - INFO - main2.py - main2 - run - [thread9]:成功しました九州ワーク株式会社 | 【クロスワーカー】★「働く」を支えて53年の安定企業
2021-08-07 16:21:44,105 - INFO - main2.py - main2 - run - [thread1]:成功しましたKDDIエンジニアリング株式会社 | 【東証1部・KDDIグループ】★「健康経営優良法人2021」認定
2021-08-07 16:21:44,125 - INFO - main2.py - main2 - run - [thread13]:成功しました株式会社ライフランド | 【創業53年】地域密着の安定企業！※残業月10～30H
2021-08-07 16:21:44,137 - INFO - main2.py - main2 - run - [thread10]:成功しました三愛石油株式会社 | 東証一部上場｜「健康経営優良法人」に2017年より4年連続認定
2021-08-07 16:21:44,174 - INFO - main2.py - main2 - run - [thread5]:成功しました株式会社ハートソフト | オンライン面談実施中！業務拡大・案件増加により増員募集！
2021-08-07 16:21:44,181 - INFO - main2.py - main2 - run - [thread3]:成功しましたネットフォース株式会社 | ◆右肩上がりで連続成長中 ◆年間休日122日 ◆リモート8割！
2021-08-07 16:21:44,311 - INFO - main2.py - main2 - run - [thread4]:成功しましたHRNAVI JOINT STOCK COMPANY | ベトナムでの転職に特化した人材紹介会社です！
2021-08-07 16:21:44,569 - INFO - main2.py - main2 - run - [thread12]:成功しました株式会社アンドパッド | 《業界のDX推進をリードするSaaS企業／累計87億円の資金調達》
2021-08-07 16:21:44,681 - INFO - main2.py - main2 - run - [thread7]:成功しました株式会社川村金属製作所 | ★年休120日★トヨタグループのダイハツ工業Tier1メーカー
2021-08-07 16:21:44,828 - INFO - main2.py - main2 - run - [thread2]:成功しました株式会社アイエスエフネット | ＊在宅比率55.7％ ＊有給取得率81％ ＊年間休日126日／土日祝
2021-08-07 16:21:45,028 - INFO - main2.py - main2 - run - [thread8]:成功しました株式会社丸美屋 | ベストセラー『お城納豆』でお馴染み★安定の食品業界で成長する
2021-08-07 16:21:45,061 - INFO - main2.py - main2 - run - [thread11]:成功しましたアジア航測株式会社 | 【東証二部／航空測量大手】公共案件が多数！安定経営を継続中
2021-08-07 16:21:45,354 - INFO - main2.py - main2 - run - [thread1]:成功しました日鉄ソリューションズ株式会社 | ◆東証一部上場/ユーザー系SIer◆健康経営優良法人◆年休124日
2021-08-07 16:21:45,368 - INFO - main2.py - main2 - run - [thread9]:成功しました株式会社ウェブフロンティア | 横浜ランドマークタワー31階。開発強化のため2018年5月増床移転
2021-08-07 16:21:45,443 - INFO - main2.py - main2 - run - [thread5]:成功しました株式会社ビーサンク | ★安定基盤あり・エクソンホールティングスの一員 ★面接1回
2021-08-07 16:21:45,477 - INFO - main2.py - main2 - run - [thread10]:成功しました株式会社エーフロンティア | 【経験者募集/自社パッケージもリリース/資格取得支援充実】
2021-08-07 16:21:45,551 - INFO - main2.py - main2 - run - [thread13]:成功しましたネクストリンクス株式会社 | 地域の製造業・流通業を中心に企業のシステム面を支援する企業
2021-08-07 16:21:45,553 - INFO - main2.py - main2 - run - [thread3]:成功しましたパーパス株式会社 | TVCMでお馴染み！創業75年の歴史をもつ安定企業
2021-08-07 16:21:45,647 - INFO - main2.py - main2 - run - [thread4]:成功しました株式会社ジェーシービー | 誰もが知る日本発の国際カードブランド
2021-08-07 16:21:45,797 - INFO - main2.py - main2 - run - [thread12]:成功しました日本総合システム株式会社 | 【コロナ禍でも増収増益見込み】☆残業月10h☆男性の育休実績有
2021-08-07 16:21:45,817 - INFO - main2.py - main2 - run - [thread2]:成功しました株式会社ランテック | 【大阪府緊急雇用対策に賛同】東証一部上場「センコーグループ」
2021-08-07 16:21:46,043 - INFO - main2.py - main2 - run - [thread7]:成功しました株式会社カンセキ | 【JASDAQ上場】残業ほぼなし&転勤なしで、長く安定して働ける！
2021-08-07 16:21:46,091 - INFO - main2.py - main2 - run - [thread11]:成功しました株式会社アークス | 【ラルズ,ユニバースの純粋持株会社】転勤なし/土日祝/賞与年2回
2021-08-07 16:21:46,259 - INFO - main2.py - main2 - run - [thread8]:成功しました株式会社エム・ソフト | ◎最先端技術 & 独自の特許技術 & 豊富な案件で成長を後押し
2021-08-07 16:21:46,319 - INFO - main2.py - main2 - run - [thread5]:成功しました株式会社システムオリジン | 業界シェアトップクラス／年間休日120日以上・完全週休2日制
2021-08-07 16:21:46,327 - INFO - main2.py - main2 - run - [thread9]:成功しました株式会社ウェブフロンティア | 【横浜ランドマークタワー31階☆リモートワークも積極導入中！】
2021-08-07 16:21:46,492 - INFO - main2.py - main2 - run - [thread1]:成功しましたパーソルテンプスタッフ株式会社 | 大阪府緊急雇用対策に賛同/賞与年2回★研修充実★在宅ワークあり
2021-08-07 16:21:46,560 - INFO - main2.py - main2 - run - [thread13]:成功しましたアトラス情報サービス株式会社 | 【緊急雇用対策に賛同】取引先は官公庁など。設立57年の安定企業
2021-08-07 16:21:46,604 - INFO - main2.py - main2 - run - [thread10]:成功しました十全化学株式会社 | 積極的に事業領域拡大を進めるリーディングカンパニー
2021-08-07 16:21:46,669 - INFO - main2.py - main2 - run - [thread4]:成功しましたEYストラテジー・アンド・コンサルティング株式会社 | 世界150カ国以上で事業を展開するEYグループ
2021-08-07 16:21:46,761 - INFO - main2.py - main2 - run - [thread3]:成功しました株式会社SALTO | ベトナムに現地法人設立！グローバル展開も進めるITベンチャー
2021-08-07 16:21:46,796 - INFO - main2.py - main2 - run - [thread2]:成功しました株式会社GSI | ★定着率92％ ★年休128日 ★有給消化率71％ ★リモートあり
2021-08-07 16:21:46,833 - INFO - main2.py - main2 - run - [thread12]:成功しました株式会社L is B | フレックスタイム制：完全週休2日制・年間休日120日以上
2021-08-07 16:21:47,095 - INFO - main2.py - main2 - run - [thread11]:成功しました株式会社エイビス | ★完全週休2日制 ★在宅勤務OK ★上流工程で活躍 ★残業少なめ
2021-08-07 16:21:47,246 - INFO - main2.py - main2 - run - [thread7]:成功しました株式会社ライズテック | 年休122日／土日祝休み／残業月12h程度／最大9連休取得可能
2021-08-07 16:21:47,266 - INFO - main2.py - main2 - run - [thread8]:成功しました株式会社セイコーフレッシュフーズ | 道民おなじみ！コンビニ「セイコーマート【Secoma】」の物流・卸
2021-08-07 16:21:47,437 - INFO - main2.py - main2 - run - [thread9]:成功しました株式会社ピー・ビーシステムズ | ソリューション事業で成長を続ける上場企業！大手と多数取引有
2021-08-07 16:21:47,583 - INFO - main2.py - main2 - run - [thread13]:成功しましたアトラス情報サービス株式会社 | 取引先は官公庁など。大手企業との取引多数。設立57年の安定企業
2021-08-07 16:21:47,626 - INFO - main2.py - main2 - run - [thread5]:成功しました株式会社LeoITコンサルティング | ◎2019年の設立から成長中 ◎30代活躍中 ◎創業期メンバー
2021-08-07 16:21:47,778 - INFO - main2.py - main2 - run - [thread10]:成功しましたミクロン精密株式会社 | 限りなき円の追求で研削技術・技能を極める専用工作機械メーカー
2021-08-07 16:21:47,827 - INFO - main2.py - main2 - run - [thread1]:成功しました株式会社ISS | ★未経験・経験者とも歓迎★設立以来13期連続黒字★年1回9連休
2021-08-07 16:21:48,071 - INFO - main2.py - main2 - run - [thread4]:成功しました株式会社日立社会情報サービス | 日立グループSI事業の中核企業・年間休日126日・離職率2％
2021-08-07 16:21:48,170 - INFO - main2.py - main2 - run - [thread2]:成功しましたアクセンチュア株式会社 | 「 女性が活躍する会社 」第1位に選ばれたグローバル企業です！
2021-08-07 16:21:48,236 - INFO - main2.py - main2 - run - [thread3]:成功しましたクロマジャパン株式会社 | ■世界43拠点に展開「Chroma ATE Inc.」の日本法人■年休120日
2021-08-07 16:21:48,305 - INFO - main2.py - main2 - run - [thread12]:成功しました株式会社オーイーシー | 創立55周年の安定性♪福利厚生も充実◎長年勤める方も多い職場♪
2021-08-07 16:21:48,455 - INFO - main2.py - main2 - run - [thread7]:成功しました一般社団法人ライフ予防医学センター | 《12年以上、売り上げ右肩上がり》★賞与年3回 ★過度な残業ナシ
2021-08-07 16:21:48,501 - INFO - main2.py - main2 - run - [thread11]:成功しました株式会社feat | WEB面接可/働きやすさ抜群！男性の育休取得実績あり
2021-08-07 16:21:48,651 - INFO - main2.py - main2 - run - [thread8]:成功しました株式会社クラックスシステム | #大阪府緊急雇用対策に賛同#水道局や官公庁のプロジェクトも多数
2021-08-07 16:21:48,815 - INFO - main2.py - main2 - run - [thread9]:成功しました株式会社ウェブフロンティア | 横浜ランドマークタワー31階。開発強化のため2018年5月増床移転
2021-08-07 16:21:48,822 - INFO - main2.py - main2 - run - [thread5]:成功しました新生電機株式会社 | 【創業約60年／制御機器・部品の専門商社です】
2021-08-07 16:21:48,918 - INFO - main2.py - main2 - run - [thread10]:成功しました株式会社ACO | 土日祝＆長期休暇あり｜産前産後休暇・育児休暇の取得実績あり
2021-08-07 16:21:48,943 - INFO - main2.py - main2 - run - [thread13]:成功しましたネクストリンクス株式会社 | 地域の製造業・流通業を中心に企業のシステム面を支援する企業
2021-08-07 16:21:49,194 - INFO - main2.py - main2 - run - [thread1]:成功しましたグローバルトレード株式会社 | 【ブランド品買取・販売の業界大手】即日・翌日など早期面接OK
2021-08-07 16:21:49,308 - INFO - main2.py - main2 - run - [thread2]:成功しましたKDDIエンジニアリング株式会社 | 【KDDIグループ】★「健康経営優良法人2021」認定
2021-08-07 16:21:49,394 - INFO - main2.py - main2 - run - [thread4]:成功しました株式会社ジャストワーク | 働きやすさ◎／土日祝休み／有給消化率70%
2021-08-07 16:21:49,400 - INFO - main2.py - main2 - run - [thread12]:成功しましたあおみ建設株式会社 | ★創業104年目★シーズン休暇やサポート休暇など社内制度充実
2021-08-07 16:21:49,405 - INFO - main2.py - main2 - run - [thread3]:成功しました株式会社SALTO | ベトナムに現地法人設立！グローバル展開も進めるITベンチャー
2021-08-07 16:21:49,600 - INFO - main2.py - main2 - run - [thread11]:成功しました株式会社長谷工コーポレーション | 65万戸のマンション設計・施工を行う東証一部上場企業◎
2021-08-07 16:21:49,631 - INFO - main2.py - main2 - run - [thread8]:成功しました株式会社タップ | ＼年間休日120日／研修制度も充実◎若手社員が活躍しています！
2021-08-07 16:21:49,683 - INFO - main2.py - main2 - run - [thread7]:成功しました株式会社アイティジョイン | 会社独自のポイント制度あり｜将来は会社の一端を担う存在へ！
2021-08-07 16:21:49,748 - INFO - main2.py - main2 - run - [thread13]:成功しました長野県農協直販株式会社 | 長野県JAグループ◇取引先1,700店舗◇信州産農畜産物の流通拠点
2021-08-07 16:21:49,964 - INFO - main2.py - main2 - run - [thread5]:成功しました中西商会株式会社 | 【激動の物流業界をITで支える成長企業】業績好調！月給30万円～
2021-08-07 16:21:49,967 - INFO - main2.py - main2 - run - [thread9]:成功しましたスリープラス株式会社 | 【黒字経営＆さらなる成長を目指す増員募集】◎自社内開発あり
2021-08-07 16:21:49,986 - INFO - main2.py - main2 - run - [thread10]:成功しました三愛石油株式会社 | 東証一部上場｜「健康経営優良法人」に2017年より4年連続認定
2021-08-07 16:21:50,157 - INFO - main2.py - main2 - run - [thread1]:成功しました株式会社アスページ | ★定着率92％★年1回海外or国内旅行★年休123日★20名採用
2021-08-07 16:21:50,253 - INFO - main2.py - main2 - run - [thread2]:成功しました株式会社Vヴィズリア | ★年休125日超★土日祝休み★残業18h以下★完全週休2日★面接1回
2021-08-07 16:21:50,412 - INFO - main2.py - main2 - run - [thread4]:成功しました株式会社レジデンシャル不動産 | 不動産再生ビジネスを展開し6年で売上19億から171億円に急成長！
2021-08-07 16:21:50,413 - INFO - main2.py - main2 - run - [thread3]:成功しましたリンテック株式会社 | 粘着素材業界のトップクラスメーカー★年休125日／残業月20h以内
2021-08-07 16:21:50,415 - INFO - main2.py - main2 - run - [thread12]:成功しました株式会社オーイーシー | ★自治体案件多数で安定基盤あり★福利厚生も充実
2021-08-07 16:21:50,485 - INFO - main2.py - main2 - run - [thread8]:成功しました株式会社ナナミ | 長年教育業界の製品を作ってきた製造メーカーで安定感抜群
2021-08-07 16:21:50,596 - INFO - main2.py - main2 - run - [thread13]:成功しましたネクストリンクス株式会社 | 地域の製造業・流通業を中心に企業のシステム面を支援する企業
2021-08-07 16:21:50,700 - INFO - main2.py - main2 - run - [thread7]:成功しました株式会社セットアップ | ＜30代中心に活躍中！＞介護業界を牽引するSOMPOケアグループ
2021-08-07 16:21:50,705 - INFO - main2.py - main2 - run - [thread11]:成功しました株式会社アール・シー・エス | 《西日本放送グループで安定性バッチリ！》★WEB面接も対応中！
2021-08-07 16:21:50,983 - INFO - main2.py - main2 - run - [thread5]:成功しました株式会社ビジネクスト | ◆学歴不問／土日祝休み／年間休日123日／残業少なめ／少数精鋭
2021-08-07 16:21:51,045 - INFO - main2.py - main2 - run - [thread9]:成功しました株式会社リッシュプラス | ★「矢場町駅」徒歩7分／完全土日休み／有休100%消化OK
2021-08-07 16:21:51,098 - INFO - main2.py - main2 - run - [thread10]:成功しました日本システム総合研究所株式会社 | ◎年休125日◎残業月20h程度
2021-08-07 16:21:51,178 - INFO - main2.py - main2 - run - [thread4]:成功しました富士通株式会社
2021-08-07 16:21:51,181 - INFO - main2.py - main2 - run - [thread1]:成功しましたエヌ・ティ・ティ・インフラネット株式会社 | 土日祝休み／年間休日140日／有給100％取得／残業月平均16時間
2021-08-07 16:21:51,327 - INFO - main2.py - main2 - run - [thread2]:成功しました株式会社システナ | <東証一部上場>★年休128日★土日祝休★残業1日1H以内★同期多数
2021-08-07 16:21:51,486 - INFO - main2.py - main2 - run - [thread12]:成功しました株式会社ジーシーシー | 年休120日以上！メリハリのあるワークライフを♪
2021-08-07 16:21:51,488 - INFO - main2.py - main2 - run - [thread3]:成功しました株式会社日立製作所 | ディフェンスシステム事業部
2021-08-07 16:21:51,646 - INFO - main2.py - main2 - run - [thread8]:成功しました株式会社コントロールテクノロジー | 業界TOPクラスの予約システム/9連休制度/賞与2回/残業ほぼナシ
2021-08-07 16:21:51,670 - INFO - main2.py - main2 - run - [thread7]:成功しました滋賀特機株式会社 | "環境に特化した"電気機器を提供し、滋賀県内トップクラスの売上
2021-08-07 16:21:51,739 - INFO - main2.py - main2 - run - [thread13]:成功しました株式会社DearOne | 【NTTドコモのグループ会社】■年休130日
2021-08-07 16:21:51,863 - INFO - main2.py - main2 - run - [thread11]:成功しました株式会社長谷工コーポレーション | 67万戸のマンション設計・施工を行う東証一部上場企業◎
2021-08-07 16:21:52,031 - INFO - main2.py - main2 - run - [thread9]:成功しました関光汽船株式会社 | ★年間休日120日 ★前回の募集で30代前半の若手が入社しました！
2021-08-07 16:21:52,181 - INFO - main2.py - main2 - run - [thread5]:成功しました株式会社ロックシステム | YouTuber/新サービス企画など展開活発│大阪府緊急雇用対策賛同
2021-08-07 16:21:52,227 - INFO - main2.py - main2 - run - [thread10]:成功しましたテックマート株式会社 | エンジニアの成長を応援「生涯現役のプロフェッショナル」へ！
2021-08-07 16:21:52,322 - INFO - main2.py - main2 - run - [thread1]:成功しました株式会社エー・エス・エル | 《東証一部上場企業グループ》コロナ禍でも過去最高益レベル！
2021-08-07 16:21:52,396 - INFO - main2.py - main2 - run - [thread2]:成功しました株式会社Crane＆I | 設立8年目／年休120日以上／年収1000万円も目指せる＜面接1回＞
2021-08-07 16:21:52,410 - INFO - main2.py - main2 - run - [thread4]:成功しました株式会社セブン銀行 | 東証一部上場★「セブン＆アイグループ」の新しい業態の銀行
2021-08-07 16:21:52,566 - INFO - main2.py - main2 - run - [thread12]:成功しました株式会社ジーシーシー | 【設立56年・地方公共団体のシステムに特化】＊離職率2.6％！
2021-08-07 16:21:52,655 - INFO - main2.py - main2 - run - [thread8]:成功しました株式会社アシストシステム研究所 | 「ルーラル電子図書館」や「お誕生日新聞」を開発・運営！
2021-08-07 16:21:52,656 - INFO - main2.py - main2 - run - [thread3]:成功しました株式会社湘南ゼミナール | 充実の研修プログラム★年3回長期連休あり★10連休取得者多数
2021-08-07 16:21:52,821 - INFO - main2.py - main2 - run - [thread7]:成功しました株式会社シナネンゼオミック | 上場企業グループ／年休126日／賞与実績6.5ヶ月分／テレワーク可
2021-08-07 16:21:52,993 - INFO - main2.py - main2 - run - [thread13]:成功しました株式会社オデッセイコミュニケーションズ | [新しい資格。新しいキャリア。]★完全週休2日 ★残業月10h程度
2021-08-07 16:21:53,292 - INFO - main2.py - main2 - run - [thread11]:成功しました関西ビジネスインフォメーション株式会社 | 【Daigasグループ(旧大阪ガスグループ)】◆大阪限定募集
2021-08-07 16:21:53,339 - INFO - main2.py - main2 - run - [thread9]:成功しました株式会社タカインフォテクノ | ★川越本社の"小規模ながら実力ある"IT企業 ★年間休日120日
2021-08-07 16:21:53,556 - INFO - main2.py - main2 - run - [thread1]:成功しました株式会社トーコー | 《未経験OK！5名以上を採用》◆賞与年2回◆面接1回◆AT限定可
2021-08-07 16:21:53,723 - INFO - main2.py - main2 - run - [thread10]:成功しました日本フォームサービス株式会社 | 創業63年のメーカー★住宅・家族手当など充実
2021-08-07 16:21:53,847 - INFO - main2.py - main2 - run - [thread5]:成功しましたベックス株式会社 | 都市再開発や地域発展事業等のプロポーザル作成の専門コンサル
2021-08-07 16:21:53,936 - INFO - main2.py - main2 - run - [thread4]:成功しました株式会社ソニー・ミュージックソリューションズ
2021-08-07 16:21:54,116 - INFO - main2.py - main2 - run - [thread2]:成功しましたシアトルコンサルティング株式会社 | 年齢に関わらず上流～開発まで経験/中途入社100%給与アップ◎
2021-08-07 16:21:54,237 - INFO - main2.py - main2 - run - [thread8]:成功しました株式会社ぎょうせい | 【創業128年(明治26年)／日本トップクラスの法令出版社】
2021-08-07 16:21:54,395 - INFO - main2.py - main2 - run - [thread3]:成功しました東レ株式会社 | 世界26ヶ国・地域に拠点展開◆連結売上高23,000億円超
2021-08-07 16:21:54,485 - INFO - main2.py - main2 - run - [thread12]:成功しましたシコク・システム工房株式会社 | 【東証一部上場企業100％の出資子会社】福利厚生充実◎年休120日
2021-08-07 16:21:54,603 - INFO - main2.py - main2 - run - [thread13]:成功しました月電ソフトウェア株式会社 | 福島から世界へ！日進月歩で最新技術を生み出し続ける優良企業！
2021-08-07 16:21:54,721 - INFO - main2.py - main2 - run - [thread7]:成功しました日本石油輸送株式会社 | 東証一部上場／創業75年★石油の鉄道輸送を支えるパイオニア企業
2021-08-07 16:21:54,890 - INFO - main2.py - main2 - run - [thread9]:成功しました株式会社タカラトミーアイビス | 【東証一部上場タカラトミーグループ】※正社員登用制度あり※
2021-08-07 16:21:54,992 - INFO - main2.py - main2 - run - [thread1]:成功しましたＪｏｋｅｒＰｉｅｃｅ株式会社 | 【大阪府緊急雇用対策に賛同】基本定時退社／リモートワークあり
2021-08-07 16:21:55,094 - INFO - main2.py - main2 - run - [thread10]:成功しました東亜システム株式会社 | 医事会計や電子カルテなど、医療システムを手がける会社！
2021-08-07 16:21:55,106 - INFO - main2.py - main2 - run - [thread11]:成功しましたPSP株式会社 | 年間休日125日／産育休実績あり／賞与平均5ヶ月分／福利厚生充実
2021-08-07 16:21:55,187 - INFO - main2.py - main2 - run - [thread4]:成功しました株式会社三菱UFJ銀行
2021-08-07 16:21:55,295 - INFO - main2.py - main2 - run - [thread5]:成功しました株式会社アストロステージ | ★医療分野の成長企業！社会貢献度と将来性の大きさが魅力！
2021-08-07 16:21:55,296 - INFO - main2.py - main2 - run - [thread2]:成功しましたアルユーアイ株式会社 | ★給与UP保証★完全週休2日(土日)★年休126日★残業10時間以内
2021-08-07 16:21:55,344 - INFO - main2.py - main2 - run - [thread8]:成功しました株式会社Dfor | ■津市の官公庁や、桑名や四日市など民間企業とも安定取引！
2021-08-07 16:21:55,427 - INFO - main2.py - main2 - run - [thread3]:成功しましたHRNAVI JOINT STOCK COMPANY | ベトナムでの転職に特化した人材紹介会社です！
2021-08-07 16:21:55,579 - INFO - main2.py - main2 - run - [thread12]:成功しました弁護士法人平松剛法律事務所 | ◆多数のお客様の支持を受け成長中 ◆現在全国に12拠点を展開！
2021-08-07 16:21:55,658 - INFO - main2.py - main2 - run - [thread13]:成功しましたフルタニ産業株式会社 | 完全週休2日制・土日祝休み／健康経営優良法人2021に認定！
2021-08-07 16:21:55,729 - INFO - main2.py - main2 - run - [thread9]:成功しましたインフォニイ株式会社 | ◎有給消化10.8日 ◎残業10.6時間 ◎転勤なし ◎完全週休2日制
2021-08-07 16:21:55,997 - INFO - main2.py - main2 - run - [thread7]:成功しましたシノブフーズ株式会社 | 【東証二部上場】創業50年【大阪府緊急雇用対策に賛同】
2021-08-07 16:21:56,084 - INFO - main2.py - main2 - run - [thread10]:成功しました株式会社ノベルズ | 【グループ売上264億円】◎U・Iターン向けの費用サポートあり
2021-08-07 16:21:56,145 - INFO - main2.py - main2 - run - [thread4]:成功しましたHRNAVI JOINT STOCK COMPANY | ベトナムでの転職に特化した人材紹介会社です！
2021-08-07 16:21:56,203 - INFO - main2.py - main2 - run - [thread1]:成功しましたクオリティソフト株式会社 | 100%自社製品開発／上流工程に携われます
2021-08-07 16:21:56,336 - INFO - main2.py - main2 - run - [thread11]:成功しました日本カラリング株式会社 | JSR（東証一部上場）のグループ企業！ 先端技術で着実に成長中！
2021-08-07 16:21:56,394 - INFO - main2.py - main2 - run - [thread8]:成功しました八光オートメーション株式会社 | 創業52年！オンリーワンを生み出す自動制御装置メーカー
2021-08-07 16:21:56,492 - INFO - main2.py - main2 - run - [thread3]:成功しましたHRNAVI JOINT STOCK COMPANY | ベトナムでの転職に特化した人材紹介会社です！
2021-08-07 16:21:56,570 - INFO - main2.py - main2 - run - [thread5]:成功しましたエフエー・ネット株式会社 | 年間休日121日／自社内開発／未経験育成に自信アリ
2021-08-07 16:21:56,664 - INFO - main2.py - main2 - run - [thread2]:成功しました富国生命保険相互会社 | 経営安定、待遇・福利厚生充実の企業が中途採用を実施！
2021-08-07 16:21:56,783 - INFO - main2.py - main2 - run - [thread9]:成功しました北陸電気工事株式会社 | <東証一部上場>★1944年設立！北陸トップクラスの総合設備企業
2021-08-07 16:21:56,844 - INFO - main2.py - main2 - run - [thread13]:成功しました株式会社デジック | 東京で自由度高くプロフェッショナル集団を目指す！
2021-08-07 16:21:56,886 - INFO - main2.py - main2 - run - [thread12]:成功しました株式会社東京精密 | 半導体製造装置と計測機器2つの事業で国内外シェアトップクラス
2021-08-07 16:21:56,952 - INFO - main2.py - main2 - run - [thread7]:成功しました株式会社ジェーソン | 【JASDAQ上場】首都圏中心に104店舗のディスカウントストア展開
2021-08-07 16:21:57,176 - INFO - main2.py - main2 - run - [thread10]:成功しました株式会社テクネット | 長野駅から徒歩8分の駅チカ☆完全週休二日でプライベートと両立
2021-08-07 16:21:57,408 - INFO - main2.py - main2 - run - [thread1]:成功しました株式会社ピー・エム・シー | 大手カーディーラーをはじめクライアントとの直取引で安定成長！
2021-08-07 16:21:57,448 - INFO - main2.py - main2 - run - [thread4]:成功しました株式会社滋賀銀行
2021-08-07 16:21:57,607 - INFO - main2.py - main2 - run - [thread8]:成功しました株式会社マクロアーク | スクラッチ案件で技術力が身に付く／年休120日以上／残業少なめ
2021-08-07 16:21:57,733 - INFO - main2.py - main2 - run - [thread11]:成功しました株式会社マリモホールディングス | 不動産総合デベロッパーとして51年｜マリモグループの経営を担う
2021-08-07 16:21:57,770 - INFO - main2.py - main2 - run - [thread3]:成功しました株式会社マイナビ | 「マイナビニュース」「マイナビウーマン」「マイナビ子育て」等
2021-08-07 16:21:57,837 - INFO - main2.py - main2 - run - [thread5]:成功しました株式会社マイナビ | 就職や転職などのあらゆる人生の岐路を支えるサービスを提供
2021-08-07 16:21:57,880 - INFO - main2.py - main2 - run - [thread13]:成功しました株式会社バル・コーポレーション | 業績好調！生活雑貨や食品を企画・展開する企業／大手取引先多数
2021-08-07 16:21:57,977 - INFO - main2.py - main2 - run - [thread2]:成功しました株式会社NTTデータ四国 | 《株式会社NTTデータグループ》最先端の技術で"世界"と繋がる！
2021-08-07 16:21:58,085 - INFO - main2.py - main2 - run - [thread10]:成功しました株式会社マイナビワークス | 【マイナビグループ】#土日祝休み #残業月平均20～30時間
2021-08-07 16:21:58,098 - INFO - main2.py - main2 - run - [thread9]:成功しました新晃工業株式会社
2021-08-07 16:21:58,217 - INFO - main2.py - main2 - run - [thread12]:成功しました株式会社テクノリッジ | 自社サービスからICT活用コンサルティングまで幅広い領域で活躍
2021-08-07 16:21:58,243 - INFO - main2.py - main2 - run - [thread7]:成功しました株式会社インフィライズ | ◆残業月20H以下◆20代活躍中◆年間休日120日
2021-08-07 16:21:58,449 - INFO - main2.py - main2 - run - [thread1]:成功しました株式会社ケアリッツ・アンド・パートナーズ | <ITと介護事業を手がける成長企業>毎年140%以上の増収★残業少
2021-08-07 16:21:58,451 - INFO - main2.py - main2 - run - [thread4]:成功しました株式会社ユー・エス・ケイ | 独自のビジネスモデルが、経営情報誌にも取り上げられています！
2021-08-07 16:21:58,495 - INFO - main2.py - main2 - run - [thread8]:成功しましたグローヴァ会計事務所株式会社 | 【大阪府緊急雇用対策に賛同】時短も可★未経験・第二新卒歓迎
2021-08-07 16:21:58,675 - INFO - main2.py - main2 - run - [thread11]:成功しました株式会社コムネットシステム | 土日祝休み・年間休日120日以上・残業月平均20時間程度
2021-08-07 16:21:58,849 - INFO - main2.py - main2 - run - [thread3]:成功しました株式会社エクシードキャリア | ＼20代で月給50万円以上も可能／…家族・子ども手当なども充実◎
2021-08-07 16:21:58,870 - INFO - main2.py - main2 - run - [thread5]:成功しました株式会社アストロステージ | 100％自社内開発でスキルアップも可能！希望勤務地考慮
2021-08-07 16:21:58,971 - INFO - main2.py - main2 - run - [thread2]:成功しました日本原燃株式会社 | 【制度充実】社宅・独身寮・単身赴任手当・引越し代支給など
2021-08-07 16:21:58,993 - INFO - main2.py - main2 - run - [thread13]:成功しました株式会社デジック | 北海道で自由度高くプロフェッショナル集団を目指す！
2021-08-07 16:21:59,010 - INFO - main2.py - main2 - run - [thread9]:成功しました株式会社イーアスリンク | 官公庁や熊本県内の大手企業との取引あり！若い会社でも将来性◎
2021-08-07 16:21:59,067 - INFO - main2.py - main2 - run - [thread10]:成功しました株式会社小田原エンジニアリング | 世界トップクラスのシェアを誇るモーター用巻線設備メーカー
2021-08-07 16:21:59,242 - INFO - main2.py - main2 - run - [thread12]:成功しました株式会社JEMS | 環境管理システム国内シェアTOPクラス◆IT業界経験者、採用中！
2021-08-07 16:21:59,296 - INFO - main2.py - main2 - run - [thread7]:成功しました株式会社アーシャルデザイン | チーム・スクール運営を行うなどスポーツ関連事業も展開中！
2021-08-07 16:21:59,411 - INFO - main2.py - main2 - run - [thread4]:成功しました株式会社日立コンサルティング
2021-08-07 16:21:59,458 - INFO - main2.py - main2 - run - [thread1]:成功しました株式会社ワンブリッジ | 【エンジニアとして高みへ目指す】◆手厚い手当&福利厚生
2021-08-07 16:21:59,589 - INFO - main2.py - main2 - run - [thread8]:成功しました株式会社情報技術センター | 年休125日◆残業月20H以内◆8/21マイナビ転職フェア出展@品川
2021-08-07 16:21:59,625 - INFO - main2.py - main2 - run - [thread11]:成功しました株式会社クオーマ | 有給取得率高／年間休日121日以上／残業月平均20時間以下
2021-08-07 16:21:59,898 - INFO - main2.py - main2 - run - [thread5]:成功しましたサン・ライズ・システムズ株式会社 | ◆受託開発・自社内開発あり◆年間休日120日◆在宅勤務OK
2021-08-07 16:21:59,910 - INFO - main2.py - main2 - run - [thread3]:成功しましたマツダ株式会社 | ――☆年間休日121日／原則土日祝休み／その他福利厚生充実
2021-08-07 16:22:00,142 - INFO - main2.py - main2 - run - [thread9]:成功しました株式会社ファルコン | ～社会に役立つソフトウェアを考えます～
2021-08-07 16:22:00,215 - INFO - main2.py - main2 - run - [thread13]:成功しました株式会社ベイシア | 流通技術研究所【ベイシア/カインズ/ワークマンなど全国に展開】
2021-08-07 16:22:00,222 - INFO - main2.py - main2 - run - [thread2]:成功しました相鉄バス株式会社 | 【100年超の歴史／安定の相鉄グループ】★社員の生の声を公開中
2021-08-07 16:22:00,279 - INFO - main2.py - main2 - run - [thread7]:成功しましたカサイホールディングス株式会社
2021-08-07 16:22:00,301 - INFO - main2.py - main2 - run - [thread10]:成功しました新日本システック株式会社 | 東証一部上場イトーキのグループ会社★直近3年間の離職率0％！
2021-08-07 16:22:00,458 - INFO - main2.py - main2 - run - [thread8]:成功しました吉田熱処理工業株式会社 | 足利工場　製造業が初めてという方も歓迎します！
2021-08-07 16:22:00,479 - INFO - main2.py - main2 - run - [thread12]:成功しましたフォーグローブ株式会社 | プライム案件が全体の7割／年間休日123日／リモートワーク対応
2021-08-07 16:22:00,552 - INFO - main2.py - main2 - run - [thread4]:成功しましたTIS株式会社 | 東証一部上場◆国内最大級プライムSIer◆サービス事業拡大中
2021-08-07 16:22:00,665 - INFO - main2.py - main2 - run - [thread1]:成功しました株式会社九州ソフタス | 【 官公庁や大手通信会社等との取引多数 】★PL・PMも目指せる！
2021-08-07 16:22:00,801 - INFO - main2.py - main2 - run - [thread11]:成功しました三州食品株式会社 | 日本の食卓を支える、卵ビジネスを展開！
2021-08-07 16:22:01,008 - INFO - main2.py - main2 - run - [thread3]:成功しました株式会社イシダ | はかりしれない技術を、世界へ。1893年創業の専門メーカー
2021-08-07 16:22:01,036 - INFO - main2.py - main2 - run - [thread5]:成功しました株式会社日本ビジネスデータープロセシングセンター | 年休120日以上｜原則定時退社｜中途3年間の定着率90％以上
2021-08-07 16:22:01,115 - INFO - main2.py - main2 - run - [thread9]:成功しました株式会社ミス・パリ | エステティックミス・パリグループでの募集！残業月10時間程度
2021-08-07 16:22:01,147 - INFO - main2.py - main2 - run - [thread2]:成功しました株式会社ブライトノア | 【大手企業の案件が多数】★土日祝休★年休125日~★残業20h以下
2021-08-07 16:22:01,205 - INFO - main2.py - main2 - run - [thread13]:成功しましたピーディーシー株式会社 | 【デジタルサイネージ業界のパイオニア】★フルフレックス勤務
2021-08-07 16:22:01,466 - INFO - main2.py - main2 - run - [thread10]:成功しました株式会社MGIC | PM経験者を積極採！受託開発に力を入れる回路設計の職人集団
2021-08-07 16:22:01,500 - INFO - main2.py - main2 - run - [thread7]:成功しました株式会社ミップ | 大手と取引実績多数｜年間休日125日｜賞与最大5ヵ月分
2021-08-07 16:22:01,521 - INFO - main2.py - main2 - run - [thread8]:成功しました株式会社コンプケア | リモート需要でソフトへのニーズ増/残業月平均20時間/土日祝休み
2021-08-07 16:22:01,542 - INFO - main2.py - main2 - run - [thread12]:成功しました株式会社JEMS | 環境管理システム国内シェアTOPクラス★IT業界経験者、採用中！
2021-08-07 16:22:01,753 - INFO - main2.py - main2 - run - [thread4]:成功しましたICONIC CO., LTD. | ”海外発”アジア・グローバルキャリアの転職サポート会社です！
2021-08-07 16:22:01,863 - INFO - main2.py - main2 - run - [thread1]:成功しましたアカリエヘルスケアカンパニー株式会社 | 2021年8月2日～社名がアカリエに変わります
2021-08-07 16:22:01,998 - INFO - main2.py - main2 - run - [thread11]:成功しました京葉測量株式会社 | 官公庁案件100％！千葉のインフラを支える安定企業！
2021-08-07 16:22:02,092 - INFO - main2.py - main2 - run - [thread5]:成功しましたメモリーハウス株式会社 | 完全週休2日(土日祝)／残業少なめ／社内副業制度あり
2021-08-07 16:22:02,258 - INFO - main2.py - main2 - run - [thread3]:成功しました株式会社クロスアクティブ | 東証一部上場のクロスキャットグループ！31年連続黒字の安定企業
2021-08-07 16:22:02,278 - INFO - main2.py - main2 - run - [thread2]:成功しました株式会社アルファシステムズ | 【東証一部上場／49年間黒字経営を継続中】★社員定着率97.1％
2021-08-07 16:22:02,315 - INFO - main2.py - main2 - run - [thread9]:成功しました株式会社サン・ライフホールディング | 【JASDAQ上場】残業月15時間程度／充実の手当あり
2021-08-07 16:22:02,349 - INFO - main2.py - main2 - run - [thread13]:成功しました株式会社富士テクノソリューションズ | ～2017年、東京証券取引所TOKYO PRO Marketへ上場～
2021-08-07 16:22:02,354 - INFO - main2.py - main2 - run - [thread8]:成功しました株式会社マルゴ・レーベル | 大手企業に対応するラベル製造会社【面接1回／面接交通費補助】
2021-08-07 16:22:02,396 - INFO - main2.py - main2 - run - [thread7]:成功しました三昌商事株式会社 | 【 事業拡大の増員募集！】▼完全週休2日制　▼年間休日120日
2021-08-07 16:22:02,405 - INFO - main2.py - main2 - run - [thread10]:成功しました三谷コンピュータ株式会社 | 全国約400の自治体との取引がある、IT業界の老舗です。
2021-08-07 16:22:02,566 - INFO - main2.py - main2 - run - [thread12]:成功しました株式会社ジェスクホリウチ | ◆安定性が魅力の老舗企業◆賞与も休み(年休124日)も文句なし！
2021-08-07 16:22:02,668 - INFO - main2.py - main2 - run - [thread4]:成功しましたアビームコンサルティング株式会社
2021-08-07 16:22:02,867 - INFO - main2.py - main2 - run - [thread1]:成功しました株式会社スターシステム | リモートワークあり｜*◆新事業部新設で事業も拡大中◆*
2021-08-07 16:22:03,135 - INFO - main2.py - main2 - run - [thread11]:成功しましたコグニビジョン株式会社 | 自社製品「事故車修理見積システム」で圧倒的シェア
2021-08-07 16:22:03,265 - INFO - main2.py - main2 - run - [thread9]:成功しました株式会社ブルーアルバーロ | 8/21(土)マイナビ転職フェア(品川)に参画いたします！
2021-08-07 16:22:03,283 - INFO - main2.py - main2 - run - [thread10]:成功しました三谷コンピュータ株式会社 | 全国約400の自治体との取引がある、IT業界の老舗です。
2021-08-07 16:22:03,299 - INFO - main2.py - main2 - run - [thread5]:成功しました株式会社トーケミ | 設立以来黒字経営を継続するメーカー｜ろ過材シェアトップクラス
2021-08-07 16:22:03,305 - INFO - main2.py - main2 - run - [thread13]:成功しました株式会社マイナビ | 就職や転職などのあらゆる人生の岐路を支えるサービスを提供
2021-08-07 16:22:03,362 - INFO - main2.py - main2 - run - [thread3]:成功しましたマツダ株式会社 | ――☆年間休日121日／原則土日祝休み／その他福利厚生充実
2021-08-07 16:22:03,419 - INFO - main2.py - main2 - run - [thread8]:成功しました株式会社 ティ・システム・ジャパン | 【WEB面接OK】プロジェクト明けに約1週間休める嬉しい制度あり！
2021-08-07 16:22:03,507 - INFO - main2.py - main2 - run - [thread2]:成功しました株式会社KSEシステムクリエイト | 年休128日*土日休み*残業少*WEB面接1回！*20～30代活躍中！
2021-08-07 16:22:03,554 - INFO - main2.py - main2 - run - [thread4]:成功しました株式会社FMC | 《ふれあいグループ》病院/クリニック/福祉施設などを多数運営
2021-08-07 16:22:03,566 - INFO - main2.py - main2 - run - [thread7]:成功しました株式会社スマイルビット | ITのお困りごとに応える顧客貢献企業★残業月平均10h／土日祝休
2021-08-07 16:22:03,696 - INFO - main2.py - main2 - run - [thread12]:成功しました株式会社ジェスクホリウチ | （募集！）何らかのシステム開発のご経験をお持ちの方
2021-08-07 16:22:03,961 - INFO - main2.py - main2 - run - [thread1]:成功しましたパーソルテンプスタッフ株式会社 | 事務デビュー歓迎！大手・優良企業で20代女性が活躍中♪
2021-08-07 16:22:04,216 - INFO - main2.py - main2 - run - [thread13]:成功しましたオリジン工業株式会社 | インテリア＆サインディスプレイで「いいね!!」をカタチに。
2021-08-07 16:22:04,311 - INFO - main2.py - main2 - run - [thread11]:成功しましたトーカドエナジー株式会社 | ★年間休日125日★土日祝休み★残業月平均5時間～15時間★
2021-08-07 16:22:04,313 - INFO - main2.py - main2 - run - [thread7]:成功しました株式会社中央設備コンサルタント | ★取引先は大阪府・警察本部など◆大阪府緊急雇用対策に賛同
2021-08-07 16:22:04,404 - INFO - main2.py - main2 - run - [thread5]:成功しました株式会社CREA HOME | 設立以来増収増益↑｜将来的に年収600万円以上も可能｜週休2日制
2021-08-07 16:22:04,473 - INFO - main2.py - main2 - run - [thread9]:成功しました株式会社オシキリ | 『OSHIKIRI』製品を世界へ！当社は”製パン機械メーカー”です。
2021-08-07 16:22:04,485 - INFO - main2.py - main2 - run - [thread10]:成功しました株式会社船場 | 【東証一部上場企業・1947年創業の老舗大手】年間休日120日以上
2021-08-07 16:22:04,516 - INFO - main2.py - main2 - run - [thread3]:成功しました株式会社エヌ・エフ・ユー | 《 日本福祉大学100%出資 》●年間休日125日 ●残業少なめ
2021-08-07 16:22:04,586 - INFO - main2.py - main2 - run - [thread4]:成功しました株式会社南日本銀行 | ＜ 創業100年以上 ＞鹿児島トップクラスを誇る地方銀行
2021-08-07 16:22:04,616 - INFO - main2.py - main2 - run - [thread2]:成功しました株式会社ラクスパートナーズ | 上場企業グループ/9割が未経験スタート/年休120日以上/残業月10h
2021-08-07 16:22:04,670 - INFO - main2.py - main2 - run - [thread8]:成功しました株式会社ネットタワー | 『Pearl Lady』『PEARL LADY CHA BAR』等人気ブランドを運営
2021-08-07 16:22:04,821 - INFO - main2.py - main2 - run - [thread12]:成功しましたコムテック株式会社 | 名古屋支社　～大手自動車関連メーカーと安定取引～
2021-08-07 16:22:04,969 - INFO - main2.py - main2 - run - [thread1]:成功しました株式会社サニックス | ◆東証一部上場企業 ◆年間休日115日 ◆初任地希望を確約
2021-08-07 16:22:05,280 - INFO - main2.py - main2 - run - [thread11]:成功しました株式会社クオーマ | 有給取得率高／年間休日121日以上／残業月平均15時間ほど
2021-08-07 16:22:05,290 - INFO - main2.py - main2 - run - [thread7]:成功しました株式会社インコス | 創業30周年を迎え更なる飛躍を目指して増員募集！
2021-08-07 16:22:05,341 - INFO - main2.py - main2 - run - [thread13]:成功しましたケーブルテレビ株式会社 | フレックス勤務も相談OK！働きやすさに自信あり
2021-08-07 16:22:05,472 - INFO - main2.py - main2 - run - [thread9]:成功しました株式会社システムエンジニアリング | 【JASDAQ上場グループ】ホテルや大型施設の空間をプロデュース！
2021-08-07 16:22:05,582 - INFO - main2.py - main2 - run - [thread5]:成功しましたジーエムラボ株式会社 | 【国家的なプロジェクトでも多くの導入実績あり】
2021-08-07 16:22:05,637 - INFO - main2.py - main2 - run - [thread4]:成功しました株式会社ゲームフリーク
2021-08-07 16:22:05,642 - INFO - main2.py - main2 - run - [thread10]:成功しました株式会社船場 | 【東証一部上場企業・1947年創業の老舗大手】年間休日120日以上
2021-08-07 16:22:05,670 - INFO - main2.py - main2 - run - [thread3]:成功しました株式会社AOIインターナショナル | 人材採用のプロフェッショナル集団※転勤なし/年間休日120日以上
2021-08-07 16:22:05,695 - INFO - main2.py - main2 - run - [thread2]:成功しました株式会社ジェネコム | ◇未経験歓迎！◇完全週休2日（土日休み）◇実働7時間
2021-08-07 16:22:05,746 - INFO - main2.py - main2 - run - [thread8]:成功しましたトヨタ自動車東日本株式会社 | <トヨタグループ> 年休121日/完休2日制(土日)/充実の福利厚生
2021-08-07 16:22:05,936 - INFO - main2.py - main2 - run - [thread12]:成功しました株式会社トライフ | 東証一部上場企業のグループ会社／年間休日118日・土日祝休
2021-08-07 16:22:06,044 - INFO - main2.py - main2 - run - [thread1]:成功しました株式会社BalloonPartners | ＜設立以来、離職者ゼロ！＞代表自ら、全国へ！出張面接実施！
2021-08-07 16:22:06,430 - INFO - main2.py - main2 - run - [thread7]:成功しました公益情報システム株式会社 | 官公庁/公益法人の”会計・給与システム”を自社開発！転勤なし
2021-08-07 16:22:06,460 - INFO - main2.py - main2 - run - [thread9]:成功しましたナレッジソフト株式会社 | 【 技術者ファーストのソフトウェア開発会社 】■自社内開発あり
2021-08-07 16:22:06,539 - INFO - main2.py - main2 - run - [thread13]:成功しました株式会社エジソン | ☆150社以上の大手・上場企業と取引☆残業月平均20時間程度
2021-08-07 16:22:06,542 - INFO - main2.py - main2 - run - [thread3]:成功しました株式会社 ベストサポートシステムズ | 【残業ほぼなし／年間休日125日／完休2日制(土日祝休)】
2021-08-07 16:22:06,573 - INFO - main2.py - main2 - run - [thread11]:成功しました株式会社アルゴ | 【 売上成長率188％ 】★年休125日 ★賞与支給実績平均4.3ヶ月
2021-08-07 16:22:06,720 - INFO - main2.py - main2 - run - [thread8]:成功しました株式会社マイナビミドルシニア | マイナビ ミドルシニア　人材紹介サービス
2021-08-07 16:22:06,813 - INFO - main2.py - main2 - run - [thread10]:成功しました株式会社クロスリード | 【長年実績ある企業の100％子会社】充実の福利厚生と安定の経営
2021-08-07 16:22:06,838 - INFO - main2.py - main2 - run - [thread5]:成功しました株式会社NTTデータ東北 | 【NTTデータ(東証1部上場)グループ】年間休日120日以上(土日祝)
2021-08-07 16:22:06,888 - INFO - main2.py - main2 - run - [thread2]:成功しました株式会社LIC | 【26期連続黒字】★新業務スキームの開始に伴う採用！
2021-08-07 16:22:06,908 - INFO - main2.py - main2 - run - [thread4]:成功しました株式会社CROSS ONE | ■リモート勤務実績多数■案件自由選択■WEB面接で最短当日内定
2021-08-07 16:22:07,138 - INFO - main2.py - main2 - run - [thread12]:成功しました株式会社ウチダ人材開発センタ | ＜コロナ禍でも業績好調の内田洋行グループ＞※在宅勤務相談可
2021-08-07 16:22:07,210 - INFO - main2.py - main2 - run - [thread1]:成功しましたグルーコードシステムズ株式会社 | ★フレックス制／年休130日／在宅あり／勉強会あり＝高い定着率
2021-08-07 16:22:07,402 - INFO - main2.py - main2 - run - [thread9]:成功しました株式会社ソフトウェアプロダクツ | ★大手取引多数で業績好調　★健康経営優良法人の認定企業
2021-08-07 16:22:07,455 - INFO - main2.py - main2 - run - [thread13]:成功しましたシークエンス株式会社 | 年休120日以上／残業少なめ／完全週休2日制
2021-08-07 16:22:07,598 - INFO - main2.py - main2 - run - [thread3]:成功しました株式会社フジワーク | 残業1日平均1h程度／土日祝休 ／有給取得率80％／住宅手当有
2021-08-07 16:22:07,656 - INFO - main2.py - main2 - run - [thread7]:成功しましたアンブレラ株式会社 | NEC・NTTデータ・富士通・日立製作所等大手クライアント案件多数
2021-08-07 16:22:07,833 - INFO - main2.py - main2 - run - [thread10]:成功しました株式会社ピージーシステム | 【広島県主催の委託事業プロジェクトに参画】＊U・Iターン歓迎＊
2021-08-07 16:22:07,835 - INFO - main2.py - main2 - run - [thread11]:成功しました関西ビジネスインフォメーション株式会社 | 【Daigasグループ(旧大阪ガスグループ)】◆大阪限定募集
2021-08-07 16:22:07,904 - INFO - main2.py - main2 - run - [thread8]:成功しました守谷輸送機工業株式会社 | ＼初公募！／エレベーターメーカーのIT部門を支える即戦力採用
2021-08-07 16:22:08,003 - INFO - main2.py - main2 - run - [thread4]:成功しました株式会社AJIOKA | 創業100以上の老舗企業：年間休日122日
2021-08-07 16:22:08,046 - INFO - main2.py - main2 - run - [thread5]:成功しました雪印種苗株式会社 | 【雪印メグミルク(東証一部上場)グループ】
2021-08-07 16:22:08,138 - INFO - main2.py - main2 - run - [thread2]:成功しました株式会社アーバン・ウェブ | ★月の半分リモートワークOK★有給消化ほぼ100％で実質140日休み
2021-08-07 16:22:08,238 - INFO - main2.py - main2 - run - [thread12]:成功しました株式会社ウチダ人材開発センタ | 内田洋行グループ／土日祝休み／年間休日120日以上
2021-08-07 16:22:08,373 - INFO - main2.py - main2 - run - [thread1]:成功しました株式会社テクノプロ | テクノプロ・IT社<東証一部上場 テクノプロ・グループ>年休123日
2021-08-07 16:22:08,589 - INFO - main2.py - main2 - run - [thread13]:成功しました株式会社テクノウイング | 【HITグループ】年間休日124日／転勤なし／WEB面接可！
2021-08-07 16:22:08,592 - INFO - main2.py - main2 - run - [thread9]:成功しましたドクターキューブ株式会社 | 医院向けシステムのメーカー 定着率◎※手当充実！年休120日以上
2021-08-07 16:22:08,797 - INFO - main2.py - main2 - run - [thread7]:成功しましたリープ株式会社 | 年間休日125日以上 ◆ 土日祝 ◆ フレックス制 ◆ 賞与4ヶ月
2021-08-07 16:22:08,819 - INFO - main2.py - main2 - run - [thread8]:成功しました株式会社グローバルワークス | キャリアを考えると今のままではダメだ…そう感じている方へ。
2021-08-07 16:22:08,856 - INFO - main2.py - main2 - run - [thread3]:成功しました株式会社テイジイエル | 【土日祝休み／有休も取りやすい】※大阪府緊急雇用対策に賛同
2021-08-07 16:22:08,979 - INFO - main2.py - main2 - run - [thread4]:成功しましたAGENSI PEKERJAAN REERACOEN MALAYSIA SDN. BHD.
2021-08-07 16:22:09,167 - INFO - main2.py - main2 - run - [thread5]:成功しました株式会社メビウス | コロナ禍で対応したテレワークを制度化＆フレックスも導入準備中
2021-08-07 16:22:09,225 - INFO - main2.py - main2 - run - [thread10]:成功しました専門学校 岡山情報ビジネス学院 | 【 カバヤ・オハヨーグループ 】★10日以上の長期休暇取得可能！
2021-08-07 16:22:09,342 - INFO - main2.py - main2 - run - [thread11]:成功しましたトモニシステムサービス株式会社 | 完全週休2日制(土日祝休み)／基本定時上がり！プライベート充実
2021-08-07 16:22:09,560 - INFO - main2.py - main2 - run - [thread12]:成功しました株式会社コンピューターシステムハウス | ◆無借金経営 ◆自己資本比率90%超 ◆表彰実績多数あり
2021-08-07 16:22:09,652 - INFO - main2.py - main2 - run - [thread2]:成功しましたグルーコードシステムズ株式会社 | ★時代の転換期にチャレンジングな転職を応援★プライム案件9割
2021-08-07 16:22:09,666 - INFO - main2.py - main2 - run - [thread1]:成功しました小松鋼機株式会社 | 小松に密着した老舗商社！残業ほぼなし！コア人材として活躍！
2021-08-07 16:22:09,854 - INFO - main2.py - main2 - run - [thread13]:成功しました株式会社アイワット | 土日休／有休取得し易い環境／月間残業平均20時間
2021-08-07 16:22:09,925 - INFO - main2.py - main2 - run - [thread9]:成功しました株式会社ランネット | 【独自システム構築で、システム面からさまざまな業界に貢献！】
2021-08-07 16:22:10,140 - INFO - main2.py - main2 - run - [thread3]:成功しました株式会社インターネットイニシアティブ | (IIJ)◎東証一部上場 ◎コロナ禍でも売上高、営業利益ともにUP
2021-08-07 16:22:10,156 - INFO - main2.py - main2 - run - [thread7]:成功しました株式会社チャーム | アスクル(株)の100%出資子会社／ペット用品の通販でトップクラス
2021-08-07 16:22:10,344 - INFO - main2.py - main2 - run - [thread4]:成功しましたアークシステム株式会社 | ポテンシャル重視の採用！／研修制度充実！／在宅勤務可能
2021-08-07 16:22:10,616 - INFO - main2.py - main2 - run - [thread5]:成功しました株式会社ドン・キホーテ | 東証一部上場PPIHグループ/大阪府緊急雇用対策に賛同★月9日休み
2021-08-07 16:22:10,622 - INFO - main2.py - main2 - run - [thread10]:成功しました株式会社ネイチャーズウェイ
2021-08-07 16:22:10,628 - INFO - main2.py - main2 - run - [thread11]:成功しました大洋エレックス株式会社 | 年間休日は116日で有給休暇の消化率も高め！残業ほぼなし◎
2021-08-07 16:22:10,629 - INFO - main2.py - main2 - run - [thread8]:成功しましたクリエートメディック株式会社 | 賞与年5.7ヶ月分/年休126日(土日)/手当充実/トップクラスシェア
2021-08-07 16:22:10,892 - INFO - main2.py - main2 - run - [thread12]:成功しました情報技術開発株式会社 | 経営課題を解決するソリューションを提供★年間休日120日以上
2021-08-07 16:22:11,028 - INFO - main2.py - main2 - run - [thread2]:成功しましたWEBHELP JAPAN株式会社 | フランスに本社を構え、世界35ヶ国に展開するグローバル企業です
2021-08-07 16:22:11,162 - INFO - main2.py - main2 - run - [thread9]:成功しました株式会社フカデン | トヨタ自動車やアイシンAWなど大手メーカーと取引！
2021-08-07 16:22:11,179 - INFO - main2.py - main2 - run - [thread1]:成功しました株式会社ライズサービス | 大阪府緊急雇用対策に賛同│注目の西日本ベンチャー100連続選出
2021-08-07 16:22:11,523 - INFO - main2.py - main2 - run - [thread7]:成功しました株式会社MJE | 大阪府緊急雇用対策に賛同【注目の西日本ベンチャー100】選出
2021-08-07 16:22:11,665 - INFO - main2.py - main2 - run - [thread3]:成功しました株式会社電盛社 | ＜協和エクシオグループ＞ 創業以来100年以上無借金経営を継続！
2021-08-07 16:22:11,759 - INFO - main2.py - main2 - run - [thread5]:成功しました株式会社日立製作所 | 日立の公共ビジネス部門を支える◆SI業界での経験を活かせます
2021-08-07 16:22:11,843 - INFO - main2.py - main2 - run - [thread4]:成功しました株式会社プロサポート | 前職年収保証／入社祝金10万円／最大90万円の資格手当支給
2021-08-07 16:22:11,891 - INFO - main2.py - main2 - run - [thread11]:成功しましたネクストリンクス株式会社 | ☆残業月13H程度／年間休日120日／土日祝休み／福利厚生充実
2021-08-07 16:22:12,148 - INFO - main2.py - main2 - run - [thread8]:成功しました千代田測器株式会社 | 設立70年の老舗企業◆30代男性活躍中！将来のコアメンバー募集！
2021-08-07 16:22:12,173 - INFO - main2.py - main2 - run - [thread10]:成功しました株式会社船場 | 【東証一部上場企業・1947年創業の老舗大手】年間休日120日以上
2021-08-07 16:22:12,427 - INFO - main2.py - main2 - run - [thread12]:成功しました株式会社ニア | ★フレックス制★転勤なし★土日祝休み★昨年度の残業月平均5.2h
2021-08-07 16:22:12,539 - INFO - main2.py - main2 - run - [thread1]:成功しましたアクティブ・アイティ株式会社 | 【社員定着率90％】
2021-08-07 16:22:12,539 - INFO - main2.py - main2 - run - [thread9]:成功しました株式会社サンテク | 創業37年！地場エネルギー企業のシステム子会社が資本参加
2021-08-07 16:22:12,543 - INFO - main2.py - main2 - run - [thread2]:成功しました株式会社SHIFT | 東証一部◆ニーズが高いアジャイルの知見が豊富◆在宅比率99％
2021-08-07 16:22:12,734 - INFO - main2.py - main2 - run - [thread5]:成功しました株式会社日立システムズ | <人とITの力で、驚きと感動のサービスを>
2021-08-07 16:22:12,790 - INFO - main2.py - main2 - run - [thread3]:成功しました株式会社メソドロジック | ★株式会社SHIFT（東証一部上場企業）のグループ会社
2021-08-07 16:22:12,880 - INFO - main2.py - main2 - run - [thread7]:成功しました株式会社みのり | 栃木・茨城で農業資材の大型専門店『農家の店 みのり』を運営
2021-08-07 16:22:13,210 - INFO - main2.py - main2 - run - [thread11]:成功しました株式会社 ホンダカーズ札幌中央 | 札幌ホンダグループ6社を中から支える！<平均年齢36.5歳>
2021-08-07 16:22:13,238 - INFO - main2.py - main2 - run - [thread4]:成功しましたエムスタイルジャパン株式会社 | 【美巣（BI-SU）】世界を目指し躍進を続ける注目企業で活躍！
2021-08-07 16:22:13,353 - INFO - main2.py - main2 - run - [thread8]:成功しました株式会社エル・エス・コーポレーション | ◎完全週休2日制（土・日）・年間休日121日で働きやすい環境♪
2021-08-07 16:22:13,369 - INFO - main2.py - main2 - run - [thread10]:成功しました株式会社ケイズグループ | 働きやすさ◎基本土日休み・年間休日114日
2021-08-07 16:22:13,453 - INFO - main2.py - main2 - run - [thread12]:成功しました株式会社シップス | 第2新卒・未経験者歓迎！賞与年3回／健康経営優良法人
2021-08-07 16:22:13,542 - INFO - main2.py - main2 - run - [thread9]:成功しました株式会社サンセイコンピュータシステム | 自社の業務パッケージ製品を全国に向けて開発・提案する企業
2021-08-07 16:22:13,803 - INFO - main2.py - main2 - run - [thread1]:成功しました株式会社パレットリンク | ～社員ファーストな会社で個性を活かして働こう！～★年休126日
2021-08-07 16:22:13,866 - INFO - main2.py - main2 - run - [thread2]:成功しました株式会社システムイオ | MITホールディングス（東証JASDAQ上場）グループ
2021-08-07 16:22:14,290 - INFO - main2.py - main2 - run - [thread7]:成功しました高圧ガス工業株式会社 | #東証一部上場#育成採用#未経験スタートも歓迎#経験者は優遇
2021-08-07 16:22:14,340 - INFO - main2.py - main2 - run - [thread5]:成功しました株式会社日立アドバンストシステムズ | 日立グループ -未来の“安全・安心”をカタチにする-
2021-08-07 16:22:14,528 - INFO - main2.py - main2 - run - [thread3]:成功しましたESRIジャパン株式会社 | 米国『Esri』社製品の総販売代理店
2021-08-07 16:22:14,741 - INFO - main2.py - main2 - run - [thread10]:成功しました三谷コンピュータ株式会社 | 全国約400の自治体との取引がある、IT業界の老舗です。
2021-08-07 16:22:15,080 - INFO - main2.py - main2 - run - [thread12]:成功しました株式会社アンヴィル | 株式会社Anvil　☆11/06 『マイナビ転職フェア新宿 』にも出展！
2021-08-07 16:22:15,112 - INFO - main2.py - main2 - run - [thread11]:成功しました株式会社イナリサーチ | ＜JASDAQ上場＞医薬関連の安全性・薬効薬理などの試験を行う企業
2021-08-07 16:22:15,165 - INFO - main2.py - main2 - run - [thread4]:成功しました株式会社メディアバーン | 【積極面接】★残業月15～20h以下★年休125日以上 ★女性活躍中
2021-08-07 16:22:15,259 - INFO - main2.py - main2 - run - [thread8]:成功しました株式会社System Tomorrow | 受託開発のみ！100％自社内開発！⇒なので、残業も転勤も無し！
2021-08-07 16:22:15,551 - INFO - main2.py - main2 - run - [thread9]:成功しました株式会社ソフトウェアプロダクツ | ★大手取引多数で業績好調　★健康経営優良法人の認定企業
2021-08-07 16:22:15,616 - INFO - main2.py - main2 - run - [thread1]:成功しました株式会社アズールドットネット | ★大手SIer直請けの大規模案件中心★ほぼリモート勤務です！
2021-08-07 16:22:15,767 - INFO - main2.py - main2 - run - [thread5]:成功しました株式会社日立システムズ
2021-08-07 16:22:15,821 - INFO - main2.py - main2 - run - [thread2]:成功しましたRセキュリティ株式会社 | 20年連続増収増益◆2020年2～5月は売上前年比”125％以上”
2021-08-07 16:22:15,871 - INFO - main2.py - main2 - run - [thread7]:成功しました株式会社エクストランス | #大阪府緊急雇用対策に賛同 #健康経営優良法人2021認定
2021-08-07 16:22:16,042 - INFO - main2.py - main2 - run - [thread3]:成功しました株式会社東名 | 残業平均25h以内／名駅より徒歩5分
2021-08-07 16:22:16,220 - INFO - main2.py - main2 - run - [thread10]:成功しましたTIS西日本株式会社 | ★上流工程も手掛けられる！ ★年間休日120日以上 ★残業16h以内
2021-08-07 16:22:16,366 - INFO - main2.py - main2 - run - [thread12]:成功しました国立大学法人広島大学 | ＼現在50代2名、40代7名、30代4名、20代3名の17名が活躍中／
2021-08-07 16:22:16,416 - INFO - main2.py - main2 - run - [thread11]:成功しました関西ビジネスインフォメーション株式会社 | 【Daigasグループ(旧大阪ガスグループ)】◆大阪限定募集
2021-08-07 16:22:16,417 - INFO - main2.py - main2 - run - [thread4]:成功しました王子ビジネスセンター株式会社 | ★王子ホールディングス(株)グループ★年休120日以上/残業月20h
2021-08-07 16:22:16,571 - INFO - main2.py - main2 - run - [thread8]:成功しました株式会社ADOKAN | 本社で絶好調のロボット独占直請開発、鹿児島支社で受託準備中！
2021-08-07 16:22:16,674 - INFO - main2.py - main2 - run - [thread9]:成功しました株式会社アセック | 【全国の自治体・官公庁との取引実績多数】完全週休2日(土日祝)
2021-08-07 16:22:16,741 - INFO - main2.py - main2 - run - [thread7]:成功しました一般財団法人 首都高速道路技術センター | 【◆正社員募集◆完全週休2日(土日祝休み)◆資格取得 支援有り】
2021-08-07 16:22:16,786 - INFO - main2.py - main2 - run - [thread1]:成功しました株式会社ココロザシ | 年間休日130日/定着率100％/希望の案件にアサイン
2021-08-07 16:22:16,861 - INFO - main2.py - main2 - run - [thread5]:成功しました株式会社日立システムズパワーサービス | 日立グループ、東京電力というバックボーンを持つICTカンパニー
2021-08-07 16:22:16,974 - INFO - main2.py - main2 - run - [thread2]:成功しました株式会社エーシーエス | 福山で設立し22年／年間休日123日／自社開発案件多数／転勤なし
2021-08-07 16:22:17,181 - INFO - main2.py - main2 - run - [thread3]:成功しました株式会社NTTデータ経営研究所 | 事業変革とイノベーションの専門集団
2021-08-07 16:22:17,314 - INFO - main2.py - main2 - run - [thread10]:成功しました株式会社船場 | 【東証一部上場企業・1947年創業の老舗大手】年間休日120日以上
2021-08-07 16:22:17,629 - INFO - main2.py - main2 - run - [thread12]:成功しました学校法人 高宮学園 | 【代々木ゼミナール】未経験OK／20～60代活躍中★
2021-08-07 16:22:17,697 - INFO - main2.py - main2 - run - [thread4]:成功しました株式会社セオ | ◆年間休日125日◆フレックス制＆リモートワーク選択OK
2021-08-07 16:22:17,710 - INFO - main2.py - main2 - run - [thread5]:成功しました株式会社イートン | ★ビジネスアプリケーションを中心にソフトウェア開発事業を展開
2021-08-07 16:22:17,804 - INFO - main2.py - main2 - run - [thread9]:成功しました株式会社小松電業所 | 第二創業期として社内制度の改革中！賞与平均4カ月以上！
2021-08-07 16:22:17,874 - INFO - main2.py - main2 - run - [thread8]:成功しました国立研究開発法人情報通信研究機構 | 【NICT】サイバーセキュリティ研究所　◆20～30代活躍中
2021-08-07 16:22:17,910 - INFO - main2.py - main2 - run - [thread7]:成功しました藤田商事株式会社 | 週休2日制/転勤・出張なし/諸手当充実/大阪府緊急雇用対策に賛同
2021-08-07 16:22:18,010 - INFO - main2.py - main2 - run - [thread11]:成功しました株式会社ソフトサービスライフケア | ★業界大手(株)ソフトサービスホールディングスのグループ会社！
2021-08-07 16:22:18,178 - INFO - main2.py - main2 - run - [thread1]:成功しました株式会社ベリサーブ | ★SCSKグループ★平均有給取得11.3日／年★平均残業24.2時間／月
2021-08-07 16:22:18,205 - INFO - main2.py - main2 - run - [thread2]:成功しました株式会社アンスール | Java開発案件をはじめ、最新言語での開発やゲーム開発案件も！
2021-08-07 16:22:18,487 - INFO - main2.py - main2 - run - [thread3]:成功しました株式会社 NTTデータ | 専業システムインテグレーターとして”2兆円”を超える売上高
2021-08-07 16:22:18,531 - INFO - main2.py - main2 - run - [thread10]:成功しましたコスモ・サイエンス株式会社 | 三菱電機グループの直取引100％！安定的に取り組める仕事です！
2021-08-07 16:22:18,664 - INFO - main2.py - main2 - run - [thread4]:成功しましたランスタッド株式会社 | 完全週休2日制/年間休日121日以上/残業月10時間/平均年齢27.3歳
2021-08-07 16:22:18,714 - INFO - main2.py - main2 - run - [thread12]:成功しました学校法人 高宮学園 | 【代々木ゼミナール】未経験OK／完全週休2日／20～30代活躍中★
2021-08-07 16:22:18,813 - INFO - main2.py - main2 - run - [thread5]:成功しました福島工務店株式会社 | 一級建築士事務所/転勤＆出張なし/大阪府緊急雇用対策に賛同
2021-08-07 16:22:19,022 - INFO - main2.py - main2 - run - [thread8]:成功しました国立研究開発法人情報通信研究機構 | 【NICT】サイバーセキュリティネクサス　◆20～30代活躍中
2021-08-07 16:22:19,267 - INFO - main2.py - main2 - run - [thread1]:成功しました株式会社アイティープロデュース | 転勤なし◎残業は月平均7時間◎有休取得…平均10日間◎服装自由
2021-08-07 16:22:19,268 - INFO - main2.py - main2 - run - [thread11]:成功しました株式会社ソフトサービスライフケア | ★業界大手(株)ソフトサービスホールディングスのグループ会社！
2021-08-07 16:22:19,362 - INFO - main2.py - main2 - run - [thread2]:成功しました東芝テック株式会社 | ★TOSHIBA(東芝)グループ★東証一部上場★賞与4.8カ月(昨年実績)
2021-08-07 16:22:19,428 - INFO - main2.py - main2 - run - [thread3]:成功しました株式会社インテクア | 自分の10年後、20年後を、本気で見据えたいヤツだけに告ぐ――。
2021-08-07 16:22:19,625 - INFO - main2.py - main2 - run - [thread10]:成功しました山九株式会社 | 東証1部上場｜創業102年｜グローバルに事業展開中
2021-08-07 16:22:19,771 - INFO - main2.py - main2 - run - [thread12]:成功しました株式会社ロジック | 残業月平均20時間★完全週休2日（土日祝）☆年間休日125日★
2021-08-07 16:22:19,826 - INFO - main2.py - main2 - run - [thread5]:成功しました株式会社日立アドバンストシステムズ | 日立グループ -未来の“安全・安心”をカタチにする-
2021-08-07 16:22:19,851 - INFO - main2.py - main2 - run - [thread8]:成功しましたスリーアールズ株式会社 | 働き方はあなた次第！日勤のみ、夜勤のみ、MIXもOK♪
2021-08-07 16:22:20,059 - INFO - main2.py - main2 - run - [thread11]:成功しました株式会社ソフトサービスライフケア | ★業界大手(株)ソフトサービスホールディングスのグループ会社！
2021-08-07 16:22:20,089 - INFO - main2.py - main2 - run - [thread1]:成功しました豊ハイテック株式会社 | 【 トヨタグループ｜ジェイテクト100％出資 】
2021-08-07 16:22:20,128 - INFO - main2.py - main2 - run - [thread3]:成功しました株式会社セブン・カードサービス | セブン＆アイ・ホールディングス＜東証１部上場＞のグループ企業
2021-08-07 16:22:20,194 - INFO - main2.py - main2 - run - [thread12]:成功しました株式会社Misumi | 創業100年以上を誇る鹿児島の安定企業。九州全域の活性化に貢献
2021-08-07 16:22:20,216 - INFO - main2.py - main2 - run - [thread2]:成功しましたセブンシーズ株式会社 | 設立25年！大手直請実績が多数/年休127日/残業月10～20h
2021-08-07 16:22:20,369 - INFO - main2.py - main2 - run - [thread5]:成功しました株式会社NTTデータ東北 | 【株式会社NTTデータ(東証1部上場)グループ】年間休日120日
2021-08-07 16:22:20,464 - INFO - main2.py - main2 - run - [thread11]:成功しました株式会社システムエンジニアリング | 【JASDAQ上場グループ】ホテルや大型施設の空間をプロデュース！
2021-08-07 16:22:20,594 - INFO - main2.py - main2 - run - [thread3]:成功しました株式会社Olivier | 【札幌市ワーク・ライフ・バランスplus企業】コロナ完全対応企業
2021-08-07 16:22:20,625 - INFO - main2.py - main2 - run - [thread2]:成功しました株式会社ビジネスブレーン | ★土日祝休み・年間休日120日以上★大阪府緊急雇用対策に賛同
2021-08-07 16:22:20,733 - INFO - main2.py - main2 - run - [thread5]:成功しました株式会社 日立インダストリアルプロダクツ | 大型産業機器事業を担う日立製作所 100%出資会社
2021-08-07 16:22:20,912 - INFO - main2.py - main2 - run - [thread11]:成功しました株式会社ＧＳＩ | ★2年以内の上場を見据える成長企業★土日祝休★広瀬通駅徒歩1分
2021-08-07 16:22:21,134 - INFO - main2.py - main2 - run - [thread5]:成功しました株式会社インバウンドテック | マザーズ上場
2021-08-07 16:22:21,149 - INFO - main2.py - main2 - run - [thread2]:成功しました株式会社トーヨー建設 | トーヨーグループの中核で変革を繰り返すVisionary-Company
2021-08-07 16:22:21,307 - INFO - main2.py - main2 - run - [thread11]:成功しました株式会社ホクビー | 【日本全国＆海外へも展開する食肉メーカー】
2021-08-07 16:22:21,452 - INFO - main2.py - main2 - run - [thread5]:成功しました株式会社Caelus | 社長も現役！エンジニアの理想を叶える会社★副業OK！
2021-08-07 16:22:21,499 - INFO - main2.py - main2 - run - [thread2]:成功しました株式会社アイアンドエーエス | 「外為オンライン」「アイネット証券」などを運営するISグループ
2021-08-07 16:22:21,920 - INFO - main2.py - main2 - run - [thread5]:成功しました有限会社アクアネット | 各駅徒歩5分♪頑張った分はインセンティブでもしっかり還元！
2021-08-07 16:22:22,112 - INFO - main2.py - main2 - run - [thread2]:成功しました株式会社シスナビ | ◆残業月15h以内◆年休120日以上◆完休2日(土日休み)◆賞与年2回
2021-08-07 16:22:22,532 - INFO - main2.py - main2 - run - [thread5]:成功しました株式会社エフ・エム | #WEB面談#年休125日#リモート案件あり#大阪府緊急雇用対策に賛同
2021-08-07 16:22:22,617 - INFO - main2.py - main2 - run - [thread2]:成功しました株式会社メイテック | 東証一部上場／自動運転やAIの最先端案件・年収100万UPの事例有
2021-08-07 16:22:23,082 - INFO - main2.py - main2 - run - [thread2]:成功しましたサーヴェイトコンサルティング株式会社 | 【経験者は前給保証】*テレワーク案件有*20～30代活躍中*面接1回
2021-08-07 16:22:23,824 - INFO - main2.py - main2 - run - [thread13]time(s):101.89379119873047
2021-08-07 16:22:24,029 - INFO - main2.py - main2 - run - [thread9]time(s):102.27604389190674
2021-08-07 16:22:24,248 - INFO - main2.py - main2 - run - [thread12]time(s):102.35368800163269
2021-08-07 16:22:24,263 - INFO - main2.py - main2 - run - [thread1]time(s):102.78224229812622
2021-08-07 16:22:24,530 - INFO - main2.py - main2 - run - [thread3]time(s):103.03070259094238
2021-08-07 16:22:24,779 - INFO - main2.py - main2 - run - [thread11]time(s):102.92012023925781
2021-08-07 16:22:25,126 - INFO - main2.py - main2 - run - [thread5]time(s):103.59098434448242
2021-08-07 16:22:25,267 - INFO - main2.py - main2 - run - [thread4]time(s):103.75365090370178
2021-08-07 16:22:25,329 - INFO - main2.py - main2 - run - [thread2]time(s):103.83538293838501
2021-08-07 16:22:25,610 - INFO - main2.py - main2 - run - [thread10]time(s):103.78775095939636
2021-08-07 16:22:25,689 - INFO - main2.py - main2 - run - [thread7]time(s):104.04052948951721
2021-08-07 16:22:25,800 - INFO - main2.py - main2 - run - [thread8]time(s):104.10852789878845
2021-08-07 16:22:34,343 - INFO - main2.py - main2 - run - [thread6]:成功しました株式会社電算 | 【東証1部上場】新たな価値を創造する独立系SIer◇WEB面接OK
2021-08-07 16:22:34,611 - INFO - main2.py - main2 - run - [thread6]:成功しました株式会社ホンダクリオ上尾 | 県内No.1の〈Honda車の正規ディーラー〉　★賞与は年3回！
2021-08-07 16:22:34,816 - INFO - main2.py - main2 - run - [thread6]:成功しました株式会社アミパラ | 《いつも笑顔で働ける職場！》賞与実績6ヶ月分／年休実質120日～
2021-08-07 16:22:35,011 - INFO - main2.py - main2 - run - [thread6]:成功しました上田鍍金株式会社 | ●創業101年。業界の日本を代表する大手企業●業界売上京都府2位
2021-08-07 16:22:35,175 - INFO - main2.py - main2 - run - [thread6]:成功しました株式会社タイルメント | <建築用の接着剤メーカー>★残業月平均10h★30代を中心に活躍中
2021-08-07 16:22:35,419 - INFO - main2.py - main2 - run - [thread6]:成功しました株式会社構造システム | <ほぼ100％自社開発の製品を扱う！>★土日祝休み&年間休日120日~
2021-08-07 16:22:35,666 - INFO - main2.py - main2 - run - [thread6]:成功しましたESシステム株式会社 | 転職組の全員が年収UPを実現／ここ10年で退職者1名と定着率抜群
2021-08-07 16:22:35,867 - INFO - main2.py - main2 - run - [thread6]:成功しました株式会社アーカイブ | 高定着率◎創業16年で退職者2名！アルバイトさえ退職しない会社
2021-08-07 16:22:36,211 - INFO - main2.py - main2 - run - [thread6]:成功しました東京技工株式会社 | 【創業67年！100年企業へ】社員を想い働き方進化中！賞与5カ月分
2021-08-07 16:22:36,501 - INFO - main2.py - main2 - run - [thread6]:成功しました株式会社ムーブ | ＜新事業も展開！複数の事業柱で安定＞★産休育休取得実績あり
2021-08-07 16:22:36,765 - INFO - main2.py - main2 - run - [thread6]:成功しました学校法人 高宮学園 | 【代々木ゼミナール】★正職員/完全週休2日/20～30代活躍中★
2021-08-07 16:22:37,015 - INFO - main2.py - main2 - run - [thread6]:成功しました株式会社四国テクニカ | 抜群の安定感！＜森実運輸グループ・サイボウズパートナー企業＞
2021-08-07 16:22:37,263 - INFO - main2.py - main2 - run - [thread6]:成功しましたアルフレッサメディカルサービス株式会社 | 土日祝休み・年休120日以上・基本残業なし
2021-08-07 16:22:37,541 - INFO - main2.py - main2 - run - [thread6]:成功しました社会保険労務士事務所Adjust HR | 大阪府緊急雇用対策に賛同｜DX推進支援など高い専門性で成長中
2021-08-07 16:22:37,849 - INFO - main2.py - main2 - run - [thread6]:成功しました株式会社創成 | 《ITTO個別指導学院を運営》四国を中心に全国で25校を展開！
2021-08-07 16:22:38,143 - INFO - main2.py - main2 - run - [thread6]:成功しましたセレンディップ・テクノロジーズ株式会社 | ★賞与昨年度実績4ヶ月分 ★住宅手当や奨学金の返済支援あり
2021-08-07 16:22:38,404 - INFO - main2.py - main2 - run - [thread6]:成功しました株式会社GSD | ◆1度に月給10万円UPも可 ◆残業月20h程 ◆産育休・時短実績あり
2021-08-07 16:22:38,682 - INFO - main2.py - main2 - run - [thread6]:成功しました株式会社ヒューマンウェア | ★残業ほぼ無し/完全週休2日(土日祝)/WEB面接可/転勤なし★
2021-08-07 16:22:38,931 - INFO - main2.py - main2 - run - [thread6]:成功しました株式会社okicom | 沖縄本社 | 官公庁・民間企業に向けたIT関連の総合コンサル企業
2021-08-07 16:22:39,278 - INFO - main2.py - main2 - run - [thread6]:成功しました株式会社マイクロフィッシュ | 完全週休2日制・土日祝休み・年休120日以上・服装髪型自由
2021-08-07 16:22:39,554 - INFO - main2.py - main2 - run - [thread6]:成功しましたアイエンジニアリング株式会社 | 完全土日祝休｜フレックス制度｜在宅ワークあり｜残業月20h程度
2021-08-07 16:22:39,795 - INFO - main2.py - main2 - run - [thread6]:成功しました日産車体コンピュータサービス株式会社 | 年間休日121日以上 ★長期出張＆転勤なし ★在宅勤務制度導入中
2021-08-07 16:22:40,147 - INFO - main2.py - main2 - run - [thread6]:成功しました株式会社クロノステクノロジー | ■未来を感じるハイレベルなプロジェクトに携わりませんか？
2021-08-07 16:22:40,409 - INFO - main2.py - main2 - run - [thread6]:成功しました株式会社崎山組 | ＜テレワーク可＞事業拡大＆新体制構築中！滋賀の優良企業
2021-08-07 16:22:40,694 - INFO - main2.py - main2 - run - [thread6]:成功しました株式会社テクノ東北 | ◆賞与8ヶ月分※前期実績◆有休は入社時10日付与◆完休2日(土日)
2021-08-07 16:22:40,913 - INFO - main2.py - main2 - run - [thread6]:成功しましたSATT九州株式会社 | 【 宮崎本社 】”駿台グループ”のIT部門を担う健康経営優良法人
2021-08-07 16:22:41,144 - INFO - main2.py - main2 - run - [thread6]:成功しました株式会社日立ソリューションズ | ともにつくる未来は、つよい。
2021-08-07 16:22:41,358 - INFO - main2.py - main2 - run - [thread6]:成功しました三和ペイント株式会社 | ☆先輩社員のほとんどが年収UP！裁量大きく活躍可！☆全国募集
2021-08-07 16:22:41,568 - INFO - main2.py - main2 - run - [thread6]:成功しました株式会社サンメディカル | 残業月5h以内／産休育休の取得実績多数／未経験者歓迎／面接1回
2021-08-07 16:22:42,156 - INFO - main2.py - main2 - run - [thread6]:成功しました株式会社日立システムズパワーサービス | 社会インフラを支えているICT企業/安定と成長を両立
2021-08-07 16:22:42,450 - INFO - main2.py - main2 - run - [thread6]:成功しました株式会社オーリュクス | #自社内開発100％ #直取引案件 #PGからSEへのキャリアUPにも最適
2021-08-07 16:22:42,590 - INFO - main2.py - main2 - run - [thread6]:成功しました株式会社 日立製作所
2021-08-07 16:22:42,745 - INFO - main2.py - main2 - run - [thread6]:成功しました株式会社日立ソリューションズ | 「創業110年の日立グループ」世の中を便利に、楽しくする会社
2021-08-07 16:22:43,044 - INFO - main2.py - main2 - run - [thread6]:成功しました株式会社日立製作所 | ＜東証一部上場企業＞
2021-08-07 16:22:43,396 - INFO - main2.py - main2 - run - [thread6]:成功しました株式会社日立システムズパワーサービス | 日立グループ×東京電力の戦略子会社の安定環境で社会基盤に貢献
2021-08-07 16:22:43,555 - INFO - main2.py - main2 - run - [thread6]:成功しました株式会社日立システムズ | <人とITの力で、驚きと感動のサービスを>
2021-08-07 16:22:43,780 - INFO - main2.py - main2 - run - [thread6]:成功しました株式会社日立製作所
2021-08-07 16:22:44,014 - INFO - main2.py - main2 - run - [thread6]:成功しました株式会社サンワ | 2020年過去最高収益★今も成長を続けるオリジナルグッズメーカー
2021-08-07 16:22:44,216 - INFO - main2.py - main2 - run - [thread6]:成功しました株式会社第一コンピュータリソース | 【設立52年／大手企業とも取引】年間休日126日／完全土日祝休み
2021-08-07 16:22:44,453 - INFO - main2.py - main2 - run - [thread6]:成功しましたアラクサラネットワークス株式会社
2021-08-07 16:22:44,739 - INFO - main2.py - main2 - run - [thread6]:成功しました株式会社ドリームジャック | 【売上155％増で拡大中】1人ひとりの理想を応援！★副業もOK
2021-08-07 16:22:44,908 - INFO - main2.py - main2 - run - [thread6]:成功しましたハウステンボス株式会社 | 【テーマパークならではの福利厚生】★WEB面接実施中
2021-08-07 16:22:45,176 - INFO - main2.py - main2 - run - [thread6]:成功しました株式会社アスタース | 自社内案件100%／UIターン歓迎←遠方の方はWEB面接/会社説明会OK
2021-08-07 16:22:45,430 - INFO - main2.py - main2 - run - [thread6]:成功しましたアオイ建設株式会社 | ★東証一部上場企業『ファースト住建』グループで基盤安定
2021-08-07 16:22:45,737 - INFO - main2.py - main2 - run - [thread6]:成功しました株式会社国和システム | 【富士フイルムシステムサービスのパートナー】IT知識をGET！
2021-08-07 16:22:45,990 - INFO - main2.py - main2 - run - [thread6]:成功しましたアラクサラネットワークス株式会社
2021-08-07 16:22:46,177 - INFO - main2.py - main2 - run - [thread6]:成功しました株式会社ベルテック | #年間休日120日以上 #完全週休2日制 #残業月平均10時間以内
2021-08-07 16:22:46,362 - INFO - main2.py - main2 - run - [thread6]:成功しました株式会社REJ | 設立57年／東証一部上場『アイダエンジニアリング』グループ
2021-08-07 16:22:46,593 - INFO - main2.py - main2 - run - [thread6]:成功しました株式会社アクレット | 【世界的メーカーと直接取引】「Drupal」に強い希少な会社！
2021-08-07 16:22:46,798 - INFO - main2.py - main2 - run - [thread6]:成功しましたエア・ウォーター・マテリアル株式会社 | 【東証一部上場グループ】◆残業月平均0~10h ◆年休120日以上
2021-08-07 16:22:49,033 - INFO - main2.py - main2 - run - [thread6]time(s):127.43723630905151
2021-08-07 16:22:49,037 - INFO - main3.py - __main__ - main - time(s): 135.47508144378662 | page:13
